CRITICAL - 2020-05-15 09:38:46 --> Call to undefined function set_value()
#0 C:\wamp64\www\psi-All-pain-No-gain\vendor\codeigniter4\framework\system\View\View.php(246): include()
#1 C:\wamp64\www\psi-All-pain-No-gain\vendor\codeigniter4\framework\system\Common.php(1087): CodeIgniter\View\View->render('stranice/regist...', Array, true)
#2 C:\wamp64\www\psi-All-pain-No-gain\app\Controllers\BaseController.php(62): view('stranice/regist...')
#3 C:\wamp64\www\psi-All-pain-No-gain\vendor\codeigniter4\framework\system\CodeIgniter.php(914): App\Controllers\BaseController->index()
#4 C:\wamp64\www\psi-All-pain-No-gain\vendor\codeigniter4\framework\system\CodeIgniter.php(400): CodeIgniter\CodeIgniter->runController(Object(App\Controllers\Gost))
#5 C:\wamp64\www\psi-All-pain-No-gain\vendor\codeigniter4\framework\system\CodeIgniter.php(308): CodeIgniter\CodeIgniter->handleRequest(NULL, Object(Config\Cache), false)
#6 C:\wamp64\www\psi-All-pain-No-gain\public\index.php(45): CodeIgniter\CodeIgniter->run()
#7 C:\wamp64\www\psi-All-pain-No-gain\vendor\codeigniter4\framework\system\Commands\Server\rewrite.php(34): require_once('C:\\wamp64\\www\\p...')
#8 {main}
CRITICAL - 2020-05-15 09:38:48 --> Call to undefined function set_value()
#0 C:\wamp64\www\psi-All-pain-No-gain\vendor\codeigniter4\framework\system\View\View.php(246): include()
#1 C:\wamp64\www\psi-All-pain-No-gain\vendor\codeigniter4\framework\system\Common.php(1087): CodeIgniter\View\View->render('stranice/regist...', Array, true)
#2 C:\wamp64\www\psi-All-pain-No-gain\app\Controllers\BaseController.php(62): view('stranice/regist...')
#3 C:\wamp64\www\psi-All-pain-No-gain\vendor\codeigniter4\framework\system\CodeIgniter.php(914): App\Controllers\BaseController->index()
#4 C:\wamp64\www\psi-All-pain-No-gain\vendor\codeigniter4\framework\system\CodeIgniter.php(400): CodeIgniter\CodeIgniter->runController(Object(App\Controllers\Gost))
#5 C:\wamp64\www\psi-All-pain-No-gain\vendor\codeigniter4\framework\system\CodeIgniter.php(308): CodeIgniter\CodeIgniter->handleRequest(NULL, Object(Config\Cache), false)
#6 C:\wamp64\www\psi-All-pain-No-gain\public\index.php(45): CodeIgniter\CodeIgniter->run()
#7 C:\wamp64\www\psi-All-pain-No-gain\vendor\codeigniter4\framework\system\Commands\Server\rewrite.php(34): require_once('C:\\wamp64\\www\\p...')
#8 {main}
CRITICAL - 2020-05-15 10:05:25 --> syntax error, unexpected '<<' (T_SL)
#0 C:\wamp64\www\psi-All-pain-No-gain\vendor\codeigniter4\framework\system\Autoloader\Autoloader.php(296): CodeIgniter\Autoloader\Autoloader->requireFile('C:\\wamp64\\www\\p...')
#1 C:\wamp64\www\psi-All-pain-No-gain\vendor\codeigniter4\framework\system\Autoloader\Autoloader.php(258): CodeIgniter\Autoloader\Autoloader->loadInNamespace('App\\Controllers...')
#2 [internal function]: CodeIgniter\Autoloader\Autoloader->loadClass('App\\Controllers...')
#3 C:\wamp64\www\psi-All-pain-No-gain\app\Controllers\Gost.php(4): spl_autoload_call('App\\Controllers...')
#4 C:\wamp64\www\psi-All-pain-No-gain\vendor\codeigniter4\framework\system\Router\Router.php(575): include_once('C:\\wamp64\\www\\p...')
#5 C:\wamp64\www\psi-All-pain-No-gain\vendor\codeigniter4\framework\system\Router\Router.php(192): CodeIgniter\Router\Router->autoRoute('Gost')
#6 C:\wamp64\www\psi-All-pain-No-gain\vendor\codeigniter4\framework\system\CodeIgniter.php(789): CodeIgniter\Router\Router->handle('Gost')
#7 C:\wamp64\www\psi-All-pain-No-gain\vendor\codeigniter4\framework\system\CodeIgniter.php(360): CodeIgniter\CodeIgniter->tryToRouteIt(Object(CodeIgniter\Router\RouteCollection))
#8 C:\wamp64\www\psi-All-pain-No-gain\vendor\codeigniter4\framework\system\CodeIgniter.php(308): CodeIgniter\CodeIgniter->handleRequest(NULL, Object(Config\Cache), false)
#9 C:\wamp64\www\psi-All-pain-No-gain\public\index.php(45): CodeIgniter\CodeIgniter->run()
#10 C:\wamp64\www\psi-All-pain-No-gain\vendor\codeigniter4\framework\system\Commands\Server\rewrite.php(34): require_once('C:\\wamp64\\www\\p...')
#11 {main}
CRITICAL - 2020-05-15 10:11:28 --> Cannot redeclare App\Controllers\BaseController::najpopularniji()
#0 [internal function]: CodeIgniter\Debug\Exceptions->shutdownHandler()
#1 {main}
CRITICAL - 2020-05-15 10:14:16 --> No connection could be made because the target machine actively refused it.

#0 C:\wamp64\www\psi-All-pain-No-gain\vendor\codeigniter4\framework\system\Database\BaseConnection.php(377): CodeIgniter\Database\MySQLi\Connection->connect(false)
#1 C:\wamp64\www\psi-All-pain-No-gain\vendor\codeigniter4\framework\system\Database\BaseConnection.php(643): CodeIgniter\Database\BaseConnection->initialize()
#2 C:\wamp64\www\psi-All-pain-No-gain\vendor\codeigniter4\framework\system\Database\BaseBuilder.php(1845): CodeIgniter\Database\BaseConnection->query('SELECT *\nFROM `...', Array, false)
#3 C:\wamp64\www\psi-All-pain-No-gain\vendor\codeigniter4\framework\system\Model.php(445): CodeIgniter\Database\BaseBuilder->get()
#4 C:\wamp64\www\psi-All-pain-No-gain\app\Controllers\BaseController.php(46): CodeIgniter\Model->findAll()
#5 C:\wamp64\www\psi-All-pain-No-gain\vendor\codeigniter4\framework\system\CodeIgniter.php(914): App\Controllers\BaseController->index()
#6 C:\wamp64\www\psi-All-pain-No-gain\vendor\codeigniter4\framework\system\CodeIgniter.php(400): CodeIgniter\CodeIgniter->runController(Object(App\Controllers\Gost))
#7 C:\wamp64\www\psi-All-pain-No-gain\vendor\codeigniter4\framework\system\CodeIgniter.php(308): CodeIgniter\CodeIgniter->handleRequest(NULL, Object(Config\Cache), false)
#8 C:\wamp64\www\psi-All-pain-No-gain\public\index.php(45): CodeIgniter\CodeIgniter->run()
#9 C:\wamp64\www\psi-All-pain-No-gain\vendor\codeigniter4\framework\system\Commands\Server\rewrite.php(34): require_once('C:\\wamp64\\www\\p...')
#10 {main}
CRITICAL - 2020-05-15 10:18:21 --> No connection could be made because the target machine actively refused it.

#0 C:\wamp64\www\psi-All-pain-No-gain\vendor\codeigniter4\framework\system\Database\BaseConnection.php(377): CodeIgniter\Database\MySQLi\Connection->connect(false)
#1 C:\wamp64\www\psi-All-pain-No-gain\vendor\codeigniter4\framework\system\Database\BaseConnection.php(643): CodeIgniter\Database\BaseConnection->initialize()
#2 C:\wamp64\www\psi-All-pain-No-gain\vendor\codeigniter4\framework\system\Database\BaseBuilder.php(1845): CodeIgniter\Database\BaseConnection->query('SELECT *\nFROM `...', Array, false)
#3 C:\wamp64\www\psi-All-pain-No-gain\vendor\codeigniter4\framework\system\Model.php(445): CodeIgniter\Database\BaseBuilder->get()
#4 C:\wamp64\www\psi-All-pain-No-gain\app\Controllers\BaseController.php(46): CodeIgniter\Model->findAll()
#5 C:\wamp64\www\psi-All-pain-No-gain\vendor\codeigniter4\framework\system\CodeIgniter.php(914): App\Controllers\BaseController->index()
#6 C:\wamp64\www\psi-All-pain-No-gain\vendor\codeigniter4\framework\system\CodeIgniter.php(400): CodeIgniter\CodeIgniter->runController(Object(App\Controllers\Gost))
#7 C:\wamp64\www\psi-All-pain-No-gain\vendor\codeigniter4\framework\system\CodeIgniter.php(308): CodeIgniter\CodeIgniter->handleRequest(NULL, Object(Config\Cache), false)
#8 C:\wamp64\www\psi-All-pain-No-gain\public\index.php(45): CodeIgniter\CodeIgniter->run()
#9 C:\wamp64\www\psi-All-pain-No-gain\vendor\codeigniter4\framework\system\Commands\Server\rewrite.php(34): require_once('C:\\wamp64\\www\\p...')
#10 {main}
CRITICAL - 2020-05-15 10:18:31 --> No connection could be made because the target machine actively refused it.

#0 C:\wamp64\www\psi-All-pain-No-gain\vendor\codeigniter4\framework\system\Database\BaseConnection.php(377): CodeIgniter\Database\MySQLi\Connection->connect(false)
#1 C:\wamp64\www\psi-All-pain-No-gain\vendor\codeigniter4\framework\system\Database\BaseConnection.php(643): CodeIgniter\Database\BaseConnection->initialize()
#2 C:\wamp64\www\psi-All-pain-No-gain\vendor\codeigniter4\framework\system\Database\BaseBuilder.php(1845): CodeIgniter\Database\BaseConnection->query('SELECT *\nFROM `...', Array, false)
#3 C:\wamp64\www\psi-All-pain-No-gain\vendor\codeigniter4\framework\system\Model.php(445): CodeIgniter\Database\BaseBuilder->get()
#4 C:\wamp64\www\psi-All-pain-No-gain\app\Controllers\BaseController.php(46): CodeIgniter\Model->findAll()
#5 C:\wamp64\www\psi-All-pain-No-gain\vendor\codeigniter4\framework\system\CodeIgniter.php(914): App\Controllers\BaseController->index()
#6 C:\wamp64\www\psi-All-pain-No-gain\vendor\codeigniter4\framework\system\CodeIgniter.php(400): CodeIgniter\CodeIgniter->runController(Object(App\Controllers\Korisnik))
#7 C:\wamp64\www\psi-All-pain-No-gain\vendor\codeigniter4\framework\system\CodeIgniter.php(308): CodeIgniter\CodeIgniter->handleRequest(NULL, Object(Config\Cache), false)
#8 C:\wamp64\www\psi-All-pain-No-gain\public\index.php(45): CodeIgniter\CodeIgniter->run()
#9 C:\wamp64\www\psi-All-pain-No-gain\vendor\codeigniter4\framework\system\Commands\Server\rewrite.php(34): require_once('C:\\wamp64\\www\\p...')
#10 {main}
CRITICAL - 2020-05-15 10:23:37 --> No connection could be made because the target machine actively refused it.

#0 C:\wamp64\www\psi-All-pain-No-gain\vendor\codeigniter4\framework\system\Database\BaseConnection.php(377): CodeIgniter\Database\MySQLi\Connection->connect(false)
#1 C:\wamp64\www\psi-All-pain-No-gain\vendor\codeigniter4\framework\system\Database\BaseConnection.php(643): CodeIgniter\Database\BaseConnection->initialize()
#2 C:\wamp64\www\psi-All-pain-No-gain\vendor\codeigniter4\framework\system\Database\BaseBuilder.php(1845): CodeIgniter\Database\BaseConnection->query('SELECT *\nFROM `...', Array, false)
#3 C:\wamp64\www\psi-All-pain-No-gain\vendor\codeigniter4\framework\system\Model.php(445): CodeIgniter\Database\BaseBuilder->get()
#4 C:\wamp64\www\psi-All-pain-No-gain\app\Controllers\BaseController.php(46): CodeIgniter\Model->findAll()
#5 C:\wamp64\www\psi-All-pain-No-gain\vendor\codeigniter4\framework\system\CodeIgniter.php(914): App\Controllers\BaseController->index()
#6 C:\wamp64\www\psi-All-pain-No-gain\vendor\codeigniter4\framework\system\CodeIgniter.php(400): CodeIgniter\CodeIgniter->runController(Object(App\Controllers\Korisnik))
#7 C:\wamp64\www\psi-All-pain-No-gain\vendor\codeigniter4\framework\system\CodeIgniter.php(308): CodeIgniter\CodeIgniter->handleRequest(NULL, Object(Config\Cache), false)
#8 C:\wamp64\www\psi-All-pain-No-gain\public\index.php(45): CodeIgniter\CodeIgniter->run()
#9 C:\wamp64\www\psi-All-pain-No-gain\vendor\codeigniter4\framework\system\Commands\Server\rewrite.php(34): require_once('C:\\wamp64\\www\\p...')
#10 {main}
CRITICAL - 2020-05-15 10:23:49 --> No connection could be made because the target machine actively refused it.

#0 C:\wamp64\www\psi-All-pain-No-gain\vendor\codeigniter4\framework\system\Database\BaseConnection.php(377): CodeIgniter\Database\MySQLi\Connection->connect(false)
#1 C:\wamp64\www\psi-All-pain-No-gain\vendor\codeigniter4\framework\system\Database\BaseConnection.php(643): CodeIgniter\Database\BaseConnection->initialize()
#2 C:\wamp64\www\psi-All-pain-No-gain\vendor\codeigniter4\framework\system\Database\BaseBuilder.php(1845): CodeIgniter\Database\BaseConnection->query('SELECT *\nFROM `...', Array, false)
#3 C:\wamp64\www\psi-All-pain-No-gain\vendor\codeigniter4\framework\system\Model.php(445): CodeIgniter\Database\BaseBuilder->get()
#4 C:\wamp64\www\psi-All-pain-No-gain\app\Controllers\BaseController.php(46): CodeIgniter\Model->findAll()
#5 C:\wamp64\www\psi-All-pain-No-gain\vendor\codeigniter4\framework\system\CodeIgniter.php(914): App\Controllers\BaseController->index()
#6 C:\wamp64\www\psi-All-pain-No-gain\vendor\codeigniter4\framework\system\CodeIgniter.php(400): CodeIgniter\CodeIgniter->runController(Object(App\Controllers\Gost))
#7 C:\wamp64\www\psi-All-pain-No-gain\vendor\codeigniter4\framework\system\CodeIgniter.php(308): CodeIgniter\CodeIgniter->handleRequest(NULL, Object(Config\Cache), false)
#8 C:\wamp64\www\psi-All-pain-No-gain\public\index.php(45): CodeIgniter\CodeIgniter->run()
#9 C:\wamp64\www\psi-All-pain-No-gain\vendor\codeigniter4\framework\system\Commands\Server\rewrite.php(34): require_once('C:\\wamp64\\www\\p...')
#10 {main}
CRITICAL - 2020-05-15 10:31:01 --> Call to undefined function set_value()
#0 C:\wamp64\www\psi-All-pain-No-gain\vendor\codeigniter4\framework\system\View\View.php(246): include()
#1 C:\wamp64\www\psi-All-pain-No-gain\vendor\codeigniter4\framework\system\Common.php(1087): CodeIgniter\View\View->render('stranice/regist...', Array, true)
#2 C:\wamp64\www\psi-All-pain-No-gain\app\Controllers\BaseController.php(52): view('stranice/regist...')
#3 C:\wamp64\www\psi-All-pain-No-gain\vendor\codeigniter4\framework\system\CodeIgniter.php(914): App\Controllers\BaseController->index()
#4 C:\wamp64\www\psi-All-pain-No-gain\vendor\codeigniter4\framework\system\CodeIgniter.php(400): CodeIgniter\CodeIgniter->runController(Object(App\Controllers\Gost))
#5 C:\wamp64\www\psi-All-pain-No-gain\vendor\codeigniter4\framework\system\CodeIgniter.php(308): CodeIgniter\CodeIgniter->handleRequest(NULL, Object(Config\Cache), false)
#6 C:\wamp64\www\psi-All-pain-No-gain\public\index.php(45): CodeIgniter\CodeIgniter->run()
#7 C:\wamp64\www\psi-All-pain-No-gain\vendor\codeigniter4\framework\system\Commands\Server\rewrite.php(34): require_once('C:\\wamp64\\www\\p...')
#8 {main}
CRITICAL - 2020-05-15 10:38:59 --> Call to undefined function set_value()
#0 C:\wamp64\www\psi-All-pain-No-gain\vendor\codeigniter4\framework\system\View\View.php(246): include()
#1 C:\wamp64\www\psi-All-pain-No-gain\vendor\codeigniter4\framework\system\Common.php(1087): CodeIgniter\View\View->render('stranice/regist...', Array, true)
#2 C:\wamp64\www\psi-All-pain-No-gain\app\Controllers\BaseController.php(50): view('stranice/regist...')
#3 C:\wamp64\www\psi-All-pain-No-gain\vendor\codeigniter4\framework\system\CodeIgniter.php(914): App\Controllers\BaseController->index()
#4 C:\wamp64\www\psi-All-pain-No-gain\vendor\codeigniter4\framework\system\CodeIgniter.php(400): CodeIgniter\CodeIgniter->runController(Object(App\Controllers\Gost))
#5 C:\wamp64\www\psi-All-pain-No-gain\vendor\codeigniter4\framework\system\CodeIgniter.php(308): CodeIgniter\CodeIgniter->handleRequest(NULL, Object(Config\Cache), false)
#6 C:\wamp64\www\psi-All-pain-No-gain\public\index.php(45): CodeIgniter\CodeIgniter->run()
#7 C:\wamp64\www\psi-All-pain-No-gain\vendor\codeigniter4\framework\system\Commands\Server\rewrite.php(34): require_once('C:\\wamp64\\www\\p...')
#8 {main}
