CRITICAL - 2020-05-14 05:33:32 --> Unknown database 'projekat'
#0 C:\wamp64\www\psi-All-pain-No-gain\vendor\codeigniter4\framework\system\Database\BaseConnection.php(377): CodeIgniter\Database\MySQLi\Connection->connect(false)
#1 C:\wamp64\www\psi-All-pain-No-gain\vendor\codeigniter4\framework\system\Database\BaseConnection.php(643): CodeIgniter\Database\BaseConnection->initialize()
#2 C:\wamp64\www\psi-All-pain-No-gain\vendor\codeigniter4\framework\system\Database\BaseBuilder.php(1845): CodeIgniter\Database\BaseConnection->query('SELECT *\nFROM `...', Array, false)
#3 C:\wamp64\www\psi-All-pain-No-gain\vendor\codeigniter4\framework\system\Model.php(445): CodeIgniter\Database\BaseBuilder->get()
#4 C:\wamp64\www\psi-All-pain-No-gain\app\Controllers\BaseController.php(54): CodeIgniter\Model->findAll()
#5 C:\wamp64\www\psi-All-pain-No-gain\vendor\codeigniter4\framework\system\CodeIgniter.php(914): App\Controllers\BaseController->index()
#6 C:\wamp64\www\psi-All-pain-No-gain\vendor\codeigniter4\framework\system\CodeIgniter.php(400): CodeIgniter\CodeIgniter->runController(Object(App\Controllers\Gost))
#7 C:\wamp64\www\psi-All-pain-No-gain\vendor\codeigniter4\framework\system\CodeIgniter.php(308): CodeIgniter\CodeIgniter->handleRequest(NULL, Object(Config\Cache), false)
#8 C:\wamp64\www\psi-All-pain-No-gain\public\index.php(45): CodeIgniter\CodeIgniter->run()
#9 C:\wamp64\www\psi-All-pain-No-gain\vendor\codeigniter4\framework\system\Commands\Server\rewrite.php(34): require_once('C:\\wamp64\\www\\p...')
#10 {main}
CRITICAL - 2020-05-14 05:33:54 --> Unknown database 'projekat'
#0 C:\wamp64\www\psi-All-pain-No-gain\vendor\codeigniter4\framework\system\Database\BaseConnection.php(377): CodeIgniter\Database\MySQLi\Connection->connect(false)
#1 C:\wamp64\www\psi-All-pain-No-gain\vendor\codeigniter4\framework\system\Database\BaseConnection.php(643): CodeIgniter\Database\BaseConnection->initialize()
#2 C:\wamp64\www\psi-All-pain-No-gain\vendor\codeigniter4\framework\system\Database\BaseBuilder.php(1845): CodeIgniter\Database\BaseConnection->query('SELECT *\nFROM `...', Array, false)
#3 C:\wamp64\www\psi-All-pain-No-gain\vendor\codeigniter4\framework\system\Model.php(445): CodeIgniter\Database\BaseBuilder->get()
#4 C:\wamp64\www\psi-All-pain-No-gain\app\Controllers\BaseController.php(54): CodeIgniter\Model->findAll()
#5 C:\wamp64\www\psi-All-pain-No-gain\vendor\codeigniter4\framework\system\CodeIgniter.php(914): App\Controllers\BaseController->index()
#6 C:\wamp64\www\psi-All-pain-No-gain\vendor\codeigniter4\framework\system\CodeIgniter.php(400): CodeIgniter\CodeIgniter->runController(Object(App\Controllers\Gost))
#7 C:\wamp64\www\psi-All-pain-No-gain\vendor\codeigniter4\framework\system\CodeIgniter.php(308): CodeIgniter\CodeIgniter->handleRequest(NULL, Object(Config\Cache), false)
#8 C:\wamp64\www\psi-All-pain-No-gain\public\index.php(45): CodeIgniter\CodeIgniter->run()
#9 C:\wamp64\www\psi-All-pain-No-gain\vendor\codeigniter4\framework\system\Commands\Server\rewrite.php(34): require_once('C:\\wamp64\\www\\p...')
#10 {main}
CRITICAL - 2020-05-14 05:41:24 --> Unknown database 'projekat'
#0 C:\wamp64\www\psi-All-pain-No-gain\vendor\codeigniter4\framework\system\Database\BaseConnection.php(377): CodeIgniter\Database\MySQLi\Connection->connect(false)
#1 C:\wamp64\www\psi-All-pain-No-gain\vendor\codeigniter4\framework\system\Database\BaseConnection.php(643): CodeIgniter\Database\BaseConnection->initialize()
#2 C:\wamp64\www\psi-All-pain-No-gain\vendor\codeigniter4\framework\system\Database\BaseBuilder.php(1845): CodeIgniter\Database\BaseConnection->query('SELECT *\nFROM `...', Array, false)
#3 C:\wamp64\www\psi-All-pain-No-gain\vendor\codeigniter4\framework\system\Model.php(445): CodeIgniter\Database\BaseBuilder->get()
#4 C:\wamp64\www\psi-All-pain-No-gain\app\Controllers\BaseController.php(54): CodeIgniter\Model->findAll()
#5 C:\wamp64\www\psi-All-pain-No-gain\vendor\codeigniter4\framework\system\CodeIgniter.php(914): App\Controllers\BaseController->index()
#6 C:\wamp64\www\psi-All-pain-No-gain\vendor\codeigniter4\framework\system\CodeIgniter.php(400): CodeIgniter\CodeIgniter->runController(Object(App\Controllers\Gost))
#7 C:\wamp64\www\psi-All-pain-No-gain\vendor\codeigniter4\framework\system\CodeIgniter.php(308): CodeIgniter\CodeIgniter->handleRequest(NULL, Object(Config\Cache), false)
#8 C:\wamp64\www\psi-All-pain-No-gain\public\index.php(45): CodeIgniter\CodeIgniter->run()
#9 C:\wamp64\www\psi-All-pain-No-gain\vendor\codeigniter4\framework\system\Commands\Server\rewrite.php(34): require_once('C:\\wamp64\\www\\p...')
#10 {main}
CRITICAL - 2020-05-14 05:41:32 --> Unknown database 'projekat'
#0 C:\wamp64\www\psi-All-pain-No-gain\vendor\codeigniter4\framework\system\Database\BaseConnection.php(377): CodeIgniter\Database\MySQLi\Connection->connect(false)
#1 C:\wamp64\www\psi-All-pain-No-gain\vendor\codeigniter4\framework\system\Database\BaseConnection.php(643): CodeIgniter\Database\BaseConnection->initialize()
#2 C:\wamp64\www\psi-All-pain-No-gain\vendor\codeigniter4\framework\system\Database\BaseBuilder.php(1845): CodeIgniter\Database\BaseConnection->query('SELECT *\nFROM `...', Array, false)
#3 C:\wamp64\www\psi-All-pain-No-gain\vendor\codeigniter4\framework\system\Model.php(445): CodeIgniter\Database\BaseBuilder->get()
#4 C:\wamp64\www\psi-All-pain-No-gain\app\Controllers\BaseController.php(54): CodeIgniter\Model->findAll()
#5 C:\wamp64\www\psi-All-pain-No-gain\vendor\codeigniter4\framework\system\CodeIgniter.php(914): App\Controllers\BaseController->index()
#6 C:\wamp64\www\psi-All-pain-No-gain\vendor\codeigniter4\framework\system\CodeIgniter.php(400): CodeIgniter\CodeIgniter->runController(Object(App\Controllers\Gost))
#7 C:\wamp64\www\psi-All-pain-No-gain\vendor\codeigniter4\framework\system\CodeIgniter.php(308): CodeIgniter\CodeIgniter->handleRequest(NULL, Object(Config\Cache), false)
#8 C:\wamp64\www\psi-All-pain-No-gain\public\index.php(45): CodeIgniter\CodeIgniter->run()
#9 C:\wamp64\www\psi-All-pain-No-gain\vendor\codeigniter4\framework\system\Commands\Server\rewrite.php(34): require_once('C:\\wamp64\\www\\p...')
#10 {main}
CRITICAL - 2020-05-14 05:41:52 --> Unknown database 'projekat'
#0 C:\wamp64\www\psi-All-pain-No-gain\vendor\codeigniter4\framework\system\Database\BaseConnection.php(377): CodeIgniter\Database\MySQLi\Connection->connect(false)
#1 C:\wamp64\www\psi-All-pain-No-gain\vendor\codeigniter4\framework\system\Database\BaseConnection.php(643): CodeIgniter\Database\BaseConnection->initialize()
#2 C:\wamp64\www\psi-All-pain-No-gain\vendor\codeigniter4\framework\system\Database\BaseBuilder.php(1845): CodeIgniter\Database\BaseConnection->query('SELECT *\nFROM `...', Array, false)
#3 C:\wamp64\www\psi-All-pain-No-gain\vendor\codeigniter4\framework\system\Model.php(445): CodeIgniter\Database\BaseBuilder->get()
#4 C:\wamp64\www\psi-All-pain-No-gain\app\Controllers\BaseController.php(54): CodeIgniter\Model->findAll()
#5 C:\wamp64\www\psi-All-pain-No-gain\vendor\codeigniter4\framework\system\CodeIgniter.php(914): App\Controllers\BaseController->index()
#6 C:\wamp64\www\psi-All-pain-No-gain\vendor\codeigniter4\framework\system\CodeIgniter.php(400): CodeIgniter\CodeIgniter->runController(Object(App\Controllers\Gost))
#7 C:\wamp64\www\psi-All-pain-No-gain\vendor\codeigniter4\framework\system\CodeIgniter.php(308): CodeIgniter\CodeIgniter->handleRequest(NULL, Object(Config\Cache), false)
#8 C:\wamp64\www\psi-All-pain-No-gain\public\index.php(45): CodeIgniter\CodeIgniter->run()
#9 C:\wamp64\www\psi-All-pain-No-gain\vendor\codeigniter4\framework\system\Commands\Server\rewrite.php(34): require_once('C:\\wamp64\\www\\p...')
#10 {main}
CRITICAL - 2020-05-14 05:45:59 --> Unknown database 'projekat'
#0 C:\wamp64\www\psi-All-pain-No-gain\vendor\codeigniter4\framework\system\Database\BaseConnection.php(377): CodeIgniter\Database\MySQLi\Connection->connect(false)
#1 C:\wamp64\www\psi-All-pain-No-gain\vendor\codeigniter4\framework\system\Database\BaseConnection.php(643): CodeIgniter\Database\BaseConnection->initialize()
#2 C:\wamp64\www\psi-All-pain-No-gain\vendor\codeigniter4\framework\system\Database\BaseBuilder.php(1845): CodeIgniter\Database\BaseConnection->query('SELECT *\nFROM `...', Array, false)
#3 C:\wamp64\www\psi-All-pain-No-gain\vendor\codeigniter4\framework\system\Model.php(445): CodeIgniter\Database\BaseBuilder->get()
#4 C:\wamp64\www\psi-All-pain-No-gain\app\Controllers\BaseController.php(54): CodeIgniter\Model->findAll()
#5 C:\wamp64\www\psi-All-pain-No-gain\vendor\codeigniter4\framework\system\CodeIgniter.php(914): App\Controllers\BaseController->index()
#6 C:\wamp64\www\psi-All-pain-No-gain\vendor\codeigniter4\framework\system\CodeIgniter.php(400): CodeIgniter\CodeIgniter->runController(Object(App\Controllers\Gost))
#7 C:\wamp64\www\psi-All-pain-No-gain\vendor\codeigniter4\framework\system\CodeIgniter.php(308): CodeIgniter\CodeIgniter->handleRequest(NULL, Object(Config\Cache), false)
#8 C:\wamp64\www\psi-All-pain-No-gain\public\index.php(45): CodeIgniter\CodeIgniter->run()
#9 C:\wamp64\www\psi-All-pain-No-gain\vendor\codeigniter4\framework\system\Commands\Server\rewrite.php(34): require_once('C:\\wamp64\\www\\p...')
#10 {main}
CRITICAL - 2020-05-14 06:30:58 --> mysqli_connect(): The server requested authentication method unknown to the client [caching_sha2_password]
#0 [internal function]: CodeIgniter\Debug\Exceptions->errorHandler(2, 'mysqli_connect(...', 'C:\\wamp64\\www\\p...', 8, Array)
#1 C:\wamp64\www\psi-All-pain-No-gain\app\Views\stranice\registracija.php(8): mysqli_connect('localhost', 'root', '', 'projekat')
#2 C:\wamp64\www\psi-All-pain-No-gain\vendor\codeigniter4\framework\system\View\View.php(246): include('C:\\wamp64\\www\\p...')
#3 C:\wamp64\www\psi-All-pain-No-gain\vendor\codeigniter4\framework\system\Common.php(1087): CodeIgniter\View\View->render('stranice/regist...', Array, true)
#4 C:\wamp64\www\psi-All-pain-No-gain\app\Controllers\BaseController.php(61): view('stranice/regist...')
#5 C:\wamp64\www\psi-All-pain-No-gain\vendor\codeigniter4\framework\system\CodeIgniter.php(914): App\Controllers\BaseController->index()
#6 C:\wamp64\www\psi-All-pain-No-gain\vendor\codeigniter4\framework\system\CodeIgniter.php(400): CodeIgniter\CodeIgniter->runController(Object(App\Controllers\Gost))
#7 C:\wamp64\www\psi-All-pain-No-gain\vendor\codeigniter4\framework\system\CodeIgniter.php(308): CodeIgniter\CodeIgniter->handleRequest(NULL, Object(Config\Cache), false)
#8 C:\wamp64\www\psi-All-pain-No-gain\public\index.php(45): CodeIgniter\CodeIgniter->run()
#9 C:\wamp64\www\psi-All-pain-No-gain\vendor\codeigniter4\framework\system\Commands\Server\rewrite.php(34): require_once('C:\\wamp64\\www\\p...')
#10 {main}
CRITICAL - 2020-05-14 06:31:51 --> Undefined index: ime
#0 C:\wamp64\www\psi-All-pain-No-gain\app\Views\stranice\registracija.php(11): CodeIgniter\Debug\Exceptions->errorHandler(8, 'Undefined index...', 'C:\\wamp64\\www\\p...', 11, Array)
#1 C:\wamp64\www\psi-All-pain-No-gain\vendor\codeigniter4\framework\system\View\View.php(246): include('C:\\wamp64\\www\\p...')
#2 C:\wamp64\www\psi-All-pain-No-gain\vendor\codeigniter4\framework\system\Common.php(1087): CodeIgniter\View\View->render('stranice/regist...', Array, true)
#3 C:\wamp64\www\psi-All-pain-No-gain\app\Controllers\BaseController.php(61): view('stranice/regist...')
#4 C:\wamp64\www\psi-All-pain-No-gain\vendor\codeigniter4\framework\system\CodeIgniter.php(914): App\Controllers\BaseController->index()
#5 C:\wamp64\www\psi-All-pain-No-gain\vendor\codeigniter4\framework\system\CodeIgniter.php(400): CodeIgniter\CodeIgniter->runController(Object(App\Controllers\Gost))
#6 C:\wamp64\www\psi-All-pain-No-gain\vendor\codeigniter4\framework\system\CodeIgniter.php(308): CodeIgniter\CodeIgniter->handleRequest(NULL, Object(Config\Cache), false)
#7 C:\wamp64\www\psi-All-pain-No-gain\public\index.php(45): CodeIgniter\CodeIgniter->run()
#8 C:\wamp64\www\psi-All-pain-No-gain\vendor\codeigniter4\framework\system\Commands\Server\rewrite.php(34): require_once('C:\\wamp64\\www\\p...')
#9 {main}
CRITICAL - 2020-05-14 06:35:20 --> Undefined index: Ime
#0 C:\wamp64\www\psi-All-pain-No-gain\app\Views\stranice\registracija.php(11): CodeIgniter\Debug\Exceptions->errorHandler(8, 'Undefined index...', 'C:\\wamp64\\www\\p...', 11, Array)
#1 C:\wamp64\www\psi-All-pain-No-gain\vendor\codeigniter4\framework\system\View\View.php(246): include('C:\\wamp64\\www\\p...')
#2 C:\wamp64\www\psi-All-pain-No-gain\vendor\codeigniter4\framework\system\Common.php(1087): CodeIgniter\View\View->render('stranice/regist...', Array, true)
#3 C:\wamp64\www\psi-All-pain-No-gain\app\Controllers\BaseController.php(61): view('stranice/regist...')
#4 C:\wamp64\www\psi-All-pain-No-gain\vendor\codeigniter4\framework\system\CodeIgniter.php(914): App\Controllers\BaseController->index()
#5 C:\wamp64\www\psi-All-pain-No-gain\vendor\codeigniter4\framework\system\CodeIgniter.php(400): CodeIgniter\CodeIgniter->runController(Object(App\Controllers\Gost))
#6 C:\wamp64\www\psi-All-pain-No-gain\vendor\codeigniter4\framework\system\CodeIgniter.php(308): CodeIgniter\CodeIgniter->handleRequest(NULL, Object(Config\Cache), false)
#7 C:\wamp64\www\psi-All-pain-No-gain\public\index.php(45): CodeIgniter\CodeIgniter->run()
#8 C:\wamp64\www\psi-All-pain-No-gain\vendor\codeigniter4\framework\system\Commands\Server\rewrite.php(34): require_once('C:\\wamp64\\www\\p...')
#9 {main}
CRITICAL - 2020-05-14 06:42:14 --> Undefined variable: con
#0 C:\wamp64\www\psi-All-pain-No-gain\app\Views\stranice\registracija.php(20): CodeIgniter\Debug\Exceptions->errorHandler(8, 'Undefined varia...', 'C:\\wamp64\\www\\p...', 20, Array)
#1 C:\wamp64\www\psi-All-pain-No-gain\vendor\codeigniter4\framework\system\View\View.php(246): include('C:\\wamp64\\www\\p...')
#2 C:\wamp64\www\psi-All-pain-No-gain\vendor\codeigniter4\framework\system\Common.php(1087): CodeIgniter\View\View->render('stranice/regist...', Array, true)
#3 C:\wamp64\www\psi-All-pain-No-gain\app\Controllers\BaseController.php(61): view('stranice/regist...')
#4 C:\wamp64\www\psi-All-pain-No-gain\vendor\codeigniter4\framework\system\CodeIgniter.php(914): App\Controllers\BaseController->index()
#5 C:\wamp64\www\psi-All-pain-No-gain\vendor\codeigniter4\framework\system\CodeIgniter.php(400): CodeIgniter\CodeIgniter->runController(Object(App\Controllers\Gost))
#6 C:\wamp64\www\psi-All-pain-No-gain\vendor\codeigniter4\framework\system\CodeIgniter.php(308): CodeIgniter\CodeIgniter->handleRequest(NULL, Object(Config\Cache), false)
#7 C:\wamp64\www\psi-All-pain-No-gain\public\index.php(45): CodeIgniter\CodeIgniter->run()
#8 C:\wamp64\www\psi-All-pain-No-gain\vendor\codeigniter4\framework\system\Commands\Server\rewrite.php(34): require_once('C:\\wamp64\\www\\p...')
#9 {main}
CRITICAL - 2020-05-14 06:44:16 --> mysqli_query() expects at least 2 parameters, 1 given
#0 [internal function]: CodeIgniter\Debug\Exceptions->errorHandler(2, 'mysqli_query() ...', 'C:\\wamp64\\www\\p...', 20, Array)
#1 C:\wamp64\www\psi-All-pain-No-gain\app\Views\stranice\registracija.php(20): mysqli_query('INSERT INTO 're...')
#2 C:\wamp64\www\psi-All-pain-No-gain\vendor\codeigniter4\framework\system\View\View.php(246): include('C:\\wamp64\\www\\p...')
#3 C:\wamp64\www\psi-All-pain-No-gain\vendor\codeigniter4\framework\system\Common.php(1087): CodeIgniter\View\View->render('stranice/regist...', Array, true)
#4 C:\wamp64\www\psi-All-pain-No-gain\app\Controllers\BaseController.php(61): view('stranice/regist...')
#5 C:\wamp64\www\psi-All-pain-No-gain\vendor\codeigniter4\framework\system\CodeIgniter.php(914): App\Controllers\BaseController->index()
#6 C:\wamp64\www\psi-All-pain-No-gain\vendor\codeigniter4\framework\system\CodeIgniter.php(400): CodeIgniter\CodeIgniter->runController(Object(App\Controllers\Gost))
#7 C:\wamp64\www\psi-All-pain-No-gain\vendor\codeigniter4\framework\system\CodeIgniter.php(308): CodeIgniter\CodeIgniter->handleRequest(NULL, Object(Config\Cache), false)
#8 C:\wamp64\www\psi-All-pain-No-gain\public\index.php(45): CodeIgniter\CodeIgniter->run()
#9 C:\wamp64\www\psi-All-pain-No-gain\vendor\codeigniter4\framework\system\Commands\Server\rewrite.php(34): require_once('C:\\wamp64\\www\\p...')
#10 {main}
CRITICAL - 2020-05-14 06:48:47 --> CodeIgniter\View\View::main(): Failed opening required 'header.php' (include_path='.;C:\php\pear')
#0 [internal function]: CodeIgniter\Debug\Exceptions->shutdownHandler()
#1 {main}
CRITICAL - 2020-05-14 06:58:09 --> mysqli_query() expects parameter 1 to be mysqli, object given
#0 [internal function]: CodeIgniter\Debug\Exceptions->errorHandler(2, 'mysqli_query() ...', 'C:\\wamp64\\www\\p...', 22, Array)
#1 C:\wamp64\www\psi-All-pain-No-gain\app\Views\stranice\registracija.php(22): mysqli_query(Object(CodeIgniter\Database\MySQLi\Connection), 'INSERT INTO 're...')
#2 C:\wamp64\www\psi-All-pain-No-gain\vendor\codeigniter4\framework\system\View\View.php(246): include('C:\\wamp64\\www\\p...')
#3 C:\wamp64\www\psi-All-pain-No-gain\vendor\codeigniter4\framework\system\Common.php(1087): CodeIgniter\View\View->render('stranice/regist...', Array, true)
#4 C:\wamp64\www\psi-All-pain-No-gain\app\Controllers\BaseController.php(61): view('stranice/regist...')
#5 C:\wamp64\www\psi-All-pain-No-gain\vendor\codeigniter4\framework\system\CodeIgniter.php(914): App\Controllers\BaseController->index()
#6 C:\wamp64\www\psi-All-pain-No-gain\vendor\codeigniter4\framework\system\CodeIgniter.php(400): CodeIgniter\CodeIgniter->runController(Object(App\Controllers\Gost))
#7 C:\wamp64\www\psi-All-pain-No-gain\vendor\codeigniter4\framework\system\CodeIgniter.php(308): CodeIgniter\CodeIgniter->handleRequest(NULL, Object(Config\Cache), false)
#8 C:\wamp64\www\psi-All-pain-No-gain\public\index.php(45): CodeIgniter\CodeIgniter->run()
#9 C:\wamp64\www\psi-All-pain-No-gain\vendor\codeigniter4\framework\system\Commands\Server\rewrite.php(34): require_once('C:\\wamp64\\www\\p...')
#10 {main}
CRITICAL - 2020-05-14 06:59:01 --> mysqli_query() expects parameter 1 to be mysqli, string given
#0 [internal function]: CodeIgniter\Debug\Exceptions->errorHandler(2, 'mysqli_query() ...', 'C:\\wamp64\\www\\p...', 22, Array)
#1 C:\wamp64\www\psi-All-pain-No-gain\app\Views\stranice\registracija.php(22): mysqli_query('INSERT INTO 're...', Object(CodeIgniter\Database\MySQLi\Connection))
#2 C:\wamp64\www\psi-All-pain-No-gain\vendor\codeigniter4\framework\system\View\View.php(246): include('C:\\wamp64\\www\\p...')
#3 C:\wamp64\www\psi-All-pain-No-gain\vendor\codeigniter4\framework\system\Common.php(1087): CodeIgniter\View\View->render('stranice/regist...', Array, true)
#4 C:\wamp64\www\psi-All-pain-No-gain\app\Controllers\BaseController.php(61): view('stranice/regist...')
#5 C:\wamp64\www\psi-All-pain-No-gain\vendor\codeigniter4\framework\system\CodeIgniter.php(914): App\Controllers\BaseController->index()
#6 C:\wamp64\www\psi-All-pain-No-gain\vendor\codeigniter4\framework\system\CodeIgniter.php(400): CodeIgniter\CodeIgniter->runController(Object(App\Controllers\Gost))
#7 C:\wamp64\www\psi-All-pain-No-gain\vendor\codeigniter4\framework\system\CodeIgniter.php(308): CodeIgniter\CodeIgniter->handleRequest(NULL, Object(Config\Cache), false)
#8 C:\wamp64\www\psi-All-pain-No-gain\public\index.php(45): CodeIgniter\CodeIgniter->run()
#9 C:\wamp64\www\psi-All-pain-No-gain\vendor\codeigniter4\framework\system\Commands\Server\rewrite.php(34): require_once('C:\\wamp64\\www\\p...')
#10 {main}
CRITICAL - 2020-05-14 07:02:35 --> Call to undefined function mysql_query()
#0 C:\wamp64\www\psi-All-pain-No-gain\vendor\codeigniter4\framework\system\View\View.php(246): include()
#1 C:\wamp64\www\psi-All-pain-No-gain\vendor\codeigniter4\framework\system\Common.php(1087): CodeIgniter\View\View->render('stranice/regist...', Array, true)
#2 C:\wamp64\www\psi-All-pain-No-gain\app\Controllers\BaseController.php(61): view('stranice/regist...')
#3 C:\wamp64\www\psi-All-pain-No-gain\vendor\codeigniter4\framework\system\CodeIgniter.php(914): App\Controllers\BaseController->index()
#4 C:\wamp64\www\psi-All-pain-No-gain\vendor\codeigniter4\framework\system\CodeIgniter.php(400): CodeIgniter\CodeIgniter->runController(Object(App\Controllers\Gost))
#5 C:\wamp64\www\psi-All-pain-No-gain\vendor\codeigniter4\framework\system\CodeIgniter.php(308): CodeIgniter\CodeIgniter->handleRequest(NULL, Object(Config\Cache), false)
#6 C:\wamp64\www\psi-All-pain-No-gain\public\index.php(45): CodeIgniter\CodeIgniter->run()
#7 C:\wamp64\www\psi-All-pain-No-gain\vendor\codeigniter4\framework\system\Commands\Server\rewrite.php(34): require_once('C:\\wamp64\\www\\p...')
#8 {main}
CRITICAL - 2020-05-14 07:04:10 --> Call to undefined function mysql_query()
#0 C:\wamp64\www\psi-All-pain-No-gain\vendor\codeigniter4\framework\system\View\View.php(246): include()
#1 C:\wamp64\www\psi-All-pain-No-gain\vendor\codeigniter4\framework\system\Common.php(1087): CodeIgniter\View\View->render('stranice/regist...', Array, true)
#2 C:\wamp64\www\psi-All-pain-No-gain\app\Controllers\BaseController.php(61): view('stranice/regist...')
#3 C:\wamp64\www\psi-All-pain-No-gain\vendor\codeigniter4\framework\system\CodeIgniter.php(914): App\Controllers\BaseController->index()
#4 C:\wamp64\www\psi-All-pain-No-gain\vendor\codeigniter4\framework\system\CodeIgniter.php(400): CodeIgniter\CodeIgniter->runController(Object(App\Controllers\Gost))
#5 C:\wamp64\www\psi-All-pain-No-gain\vendor\codeigniter4\framework\system\CodeIgniter.php(308): CodeIgniter\CodeIgniter->handleRequest(NULL, Object(Config\Cache), false)
#6 C:\wamp64\www\psi-All-pain-No-gain\public\index.php(45): CodeIgniter\CodeIgniter->run()
#7 C:\wamp64\www\psi-All-pain-No-gain\vendor\codeigniter4\framework\system\Commands\Server\rewrite.php(34): require_once('C:\\wamp64\\www\\p...')
#8 {main}
CRITICAL - 2020-05-14 07:04:14 --> Call to undefined function mysql_query()
#0 C:\wamp64\www\psi-All-pain-No-gain\vendor\codeigniter4\framework\system\View\View.php(246): include()
#1 C:\wamp64\www\psi-All-pain-No-gain\vendor\codeigniter4\framework\system\Common.php(1087): CodeIgniter\View\View->render('stranice/regist...', Array, true)
#2 C:\wamp64\www\psi-All-pain-No-gain\app\Controllers\BaseController.php(61): view('stranice/regist...')
#3 C:\wamp64\www\psi-All-pain-No-gain\vendor\codeigniter4\framework\system\CodeIgniter.php(914): App\Controllers\BaseController->index()
#4 C:\wamp64\www\psi-All-pain-No-gain\vendor\codeigniter4\framework\system\CodeIgniter.php(400): CodeIgniter\CodeIgniter->runController(Object(App\Controllers\Gost))
#5 C:\wamp64\www\psi-All-pain-No-gain\vendor\codeigniter4\framework\system\CodeIgniter.php(308): CodeIgniter\CodeIgniter->handleRequest(NULL, Object(Config\Cache), false)
#6 C:\wamp64\www\psi-All-pain-No-gain\public\index.php(45): CodeIgniter\CodeIgniter->run()
#7 C:\wamp64\www\psi-All-pain-No-gain\vendor\codeigniter4\framework\system\Commands\Server\rewrite.php(34): require_once('C:\\wamp64\\www\\p...')
#8 {main}
CRITICAL - 2020-05-14 07:04:16 --> Call to undefined function mysql_query()
#0 C:\wamp64\www\psi-All-pain-No-gain\vendor\codeigniter4\framework\system\View\View.php(246): include()
#1 C:\wamp64\www\psi-All-pain-No-gain\vendor\codeigniter4\framework\system\Common.php(1087): CodeIgniter\View\View->render('stranice/regist...', Array, true)
#2 C:\wamp64\www\psi-All-pain-No-gain\app\Controllers\BaseController.php(61): view('stranice/regist...')
#3 C:\wamp64\www\psi-All-pain-No-gain\vendor\codeigniter4\framework\system\CodeIgniter.php(914): App\Controllers\BaseController->index()
#4 C:\wamp64\www\psi-All-pain-No-gain\vendor\codeigniter4\framework\system\CodeIgniter.php(400): CodeIgniter\CodeIgniter->runController(Object(App\Controllers\Gost))
#5 C:\wamp64\www\psi-All-pain-No-gain\vendor\codeigniter4\framework\system\CodeIgniter.php(308): CodeIgniter\CodeIgniter->handleRequest(NULL, Object(Config\Cache), false)
#6 C:\wamp64\www\psi-All-pain-No-gain\public\index.php(45): CodeIgniter\CodeIgniter->run()
#7 C:\wamp64\www\psi-All-pain-No-gain\vendor\codeigniter4\framework\system\Commands\Server\rewrite.php(34): require_once('C:\\wamp64\\www\\p...')
#8 {main}
CRITICAL - 2020-05-14 07:05:19 --> mysqli_query() expects parameter 1 to be mysqli, object given
#0 [internal function]: CodeIgniter\Debug\Exceptions->errorHandler(2, 'mysqli_query() ...', 'C:\\wamp64\\www\\p...', 19, Array)
#1 C:\wamp64\www\psi-All-pain-No-gain\app\Views\stranice\registracija.php(19): mysqli_query(Object(CodeIgniter\Database\MySQLi\Connection), 'INSERT INTO reg...')
#2 C:\wamp64\www\psi-All-pain-No-gain\vendor\codeigniter4\framework\system\View\View.php(246): include('C:\\wamp64\\www\\p...')
#3 C:\wamp64\www\psi-All-pain-No-gain\vendor\codeigniter4\framework\system\Common.php(1087): CodeIgniter\View\View->render('stranice/regist...', Array, true)
#4 C:\wamp64\www\psi-All-pain-No-gain\app\Controllers\BaseController.php(61): view('stranice/regist...')
#5 C:\wamp64\www\psi-All-pain-No-gain\vendor\codeigniter4\framework\system\CodeIgniter.php(914): App\Controllers\BaseController->index()
#6 C:\wamp64\www\psi-All-pain-No-gain\vendor\codeigniter4\framework\system\CodeIgniter.php(400): CodeIgniter\CodeIgniter->runController(Object(App\Controllers\Gost))
#7 C:\wamp64\www\psi-All-pain-No-gain\vendor\codeigniter4\framework\system\CodeIgniter.php(308): CodeIgniter\CodeIgniter->handleRequest(NULL, Object(Config\Cache), false)
#8 C:\wamp64\www\psi-All-pain-No-gain\public\index.php(45): CodeIgniter\CodeIgniter->run()
#9 C:\wamp64\www\psi-All-pain-No-gain\vendor\codeigniter4\framework\system\Commands\Server\rewrite.php(34): require_once('C:\\wamp64\\www\\p...')
#10 {main}
CRITICAL - 2020-05-14 07:06:30 --> CodeIgniter\View\View::main(): Failed opening required 'header.php' (include_path='.;C:\php\pear')
#0 [internal function]: CodeIgniter\Debug\Exceptions->shutdownHandler()
#1 {main}
CRITICAL - 2020-05-14 07:08:32 --> The use statement with non-compound name 'Config' has no effect
#0 C:\wamp64\www\psi-All-pain-No-gain\vendor\codeigniter4\framework\system\View\View.php(246): CodeIgniter\Debug\Exceptions->errorHandler(2, 'The use stateme...', 'C:\\wamp64\\www\\p...', 3, Array)
#1 C:\wamp64\www\psi-All-pain-No-gain\vendor\codeigniter4\framework\system\View\View.php(246): include()
#2 C:\wamp64\www\psi-All-pain-No-gain\vendor\codeigniter4\framework\system\Common.php(1087): CodeIgniter\View\View->render('stranice/regist...', Array, true)
#3 C:\wamp64\www\psi-All-pain-No-gain\app\Controllers\BaseController.php(61): view('stranice/regist...')
#4 C:\wamp64\www\psi-All-pain-No-gain\vendor\codeigniter4\framework\system\CodeIgniter.php(914): App\Controllers\BaseController->index()
#5 C:\wamp64\www\psi-All-pain-No-gain\vendor\codeigniter4\framework\system\CodeIgniter.php(400): CodeIgniter\CodeIgniter->runController(Object(App\Controllers\Gost))
#6 C:\wamp64\www\psi-All-pain-No-gain\vendor\codeigniter4\framework\system\CodeIgniter.php(308): CodeIgniter\CodeIgniter->handleRequest(NULL, Object(Config\Cache), false)
#7 C:\wamp64\www\psi-All-pain-No-gain\public\index.php(45): CodeIgniter\CodeIgniter->run()
#8 C:\wamp64\www\psi-All-pain-No-gain\vendor\codeigniter4\framework\system\Commands\Server\rewrite.php(34): require_once('C:\\wamp64\\www\\p...')
#9 {main}
CRITICAL - 2020-05-14 07:08:58 --> CodeIgniter\View\View::main(): Failed opening required 'header.php' (include_path='.;C:\php\pear')
#0 [internal function]: CodeIgniter\Debug\Exceptions->shutdownHandler()
#1 {main}
CRITICAL - 2020-05-14 07:09:13 --> CodeIgniter\View\View::main(): Failed opening required 'header.php' (include_path='.;C:\php\pear')
#0 [internal function]: CodeIgniter\Debug\Exceptions->shutdownHandler()
#1 {main}
CRITICAL - 2020-05-14 07:09:14 --> CodeIgniter\View\View::main(): Failed opening required 'header.php' (include_path='.;C:\php\pear')
#0 [internal function]: CodeIgniter\Debug\Exceptions->shutdownHandler()
#1 {main}
CRITICAL - 2020-05-14 07:09:29 --> mysqli_query() expects parameter 1 to be mysqli, object given
#0 [internal function]: CodeIgniter\Debug\Exceptions->errorHandler(2, 'mysqli_query() ...', 'C:\\wamp64\\www\\p...', 22, Array)
#1 C:\wamp64\www\psi-All-pain-No-gain\app\Views\stranice\registracija.php(22): mysqli_query(Object(CodeIgniter\Database\MySQLi\Connection), 'INSERT INTO reg...')
#2 C:\wamp64\www\psi-All-pain-No-gain\vendor\codeigniter4\framework\system\View\View.php(246): include('C:\\wamp64\\www\\p...')
#3 C:\wamp64\www\psi-All-pain-No-gain\vendor\codeigniter4\framework\system\Common.php(1087): CodeIgniter\View\View->render('stranice/regist...', Array, true)
#4 C:\wamp64\www\psi-All-pain-No-gain\app\Controllers\BaseController.php(61): view('stranice/regist...')
#5 C:\wamp64\www\psi-All-pain-No-gain\vendor\codeigniter4\framework\system\CodeIgniter.php(914): App\Controllers\BaseController->index()
#6 C:\wamp64\www\psi-All-pain-No-gain\vendor\codeigniter4\framework\system\CodeIgniter.php(400): CodeIgniter\CodeIgniter->runController(Object(App\Controllers\Gost))
#7 C:\wamp64\www\psi-All-pain-No-gain\vendor\codeigniter4\framework\system\CodeIgniter.php(308): CodeIgniter\CodeIgniter->handleRequest(NULL, Object(Config\Cache), false)
#8 C:\wamp64\www\psi-All-pain-No-gain\public\index.php(45): CodeIgniter\CodeIgniter->run()
#9 C:\wamp64\www\psi-All-pain-No-gain\vendor\codeigniter4\framework\system\Commands\Server\rewrite.php(34): require_once('C:\\wamp64\\www\\p...')
#10 {main}
CRITICAL - 2020-05-14 07:12:57 --> mysqli_connect(): The server requested authentication method unknown to the client [sha256_password]
#0 [internal function]: CodeIgniter\Debug\Exceptions->errorHandler(2, 'mysqli_connect(...', 'C:\\wamp64\\www\\p...', 15, Array)
#1 C:\wamp64\www\psi-All-pain-No-gain\app\Views\stranice\registracija.php(15): mysqli_connect()
#2 C:\wamp64\www\psi-All-pain-No-gain\vendor\codeigniter4\framework\system\View\View.php(246): include('C:\\wamp64\\www\\p...')
#3 C:\wamp64\www\psi-All-pain-No-gain\vendor\codeigniter4\framework\system\Common.php(1087): CodeIgniter\View\View->render('stranice/regist...', Array, true)
#4 C:\wamp64\www\psi-All-pain-No-gain\app\Controllers\BaseController.php(61): view('stranice/regist...')
#5 C:\wamp64\www\psi-All-pain-No-gain\vendor\codeigniter4\framework\system\CodeIgniter.php(914): App\Controllers\BaseController->index()
#6 C:\wamp64\www\psi-All-pain-No-gain\vendor\codeigniter4\framework\system\CodeIgniter.php(400): CodeIgniter\CodeIgniter->runController(Object(App\Controllers\Gost))
#7 C:\wamp64\www\psi-All-pain-No-gain\vendor\codeigniter4\framework\system\CodeIgniter.php(308): CodeIgniter\CodeIgniter->handleRequest(NULL, Object(Config\Cache), false)
#8 C:\wamp64\www\psi-All-pain-No-gain\public\index.php(45): CodeIgniter\CodeIgniter->run()
#9 C:\wamp64\www\psi-All-pain-No-gain\vendor\codeigniter4\framework\system\Commands\Server\rewrite.php(34): require_once('C:\\wamp64\\www\\p...')
#10 {main}
CRITICAL - 2020-05-14 07:20:48 --> mysqli_connect(): The server requested authentication method unknown to the client [sha256_password]
#0 [internal function]: CodeIgniter\Debug\Exceptions->errorHandler(2, 'mysqli_connect(...', 'C:\\wamp64\\www\\p...', 15, Array)
#1 C:\wamp64\www\psi-All-pain-No-gain\app\Views\stranice\registracija.php(15): mysqli_connect()
#2 C:\wamp64\www\psi-All-pain-No-gain\vendor\codeigniter4\framework\system\View\View.php(246): include('C:\\wamp64\\www\\p...')
#3 C:\wamp64\www\psi-All-pain-No-gain\vendor\codeigniter4\framework\system\Common.php(1087): CodeIgniter\View\View->render('stranice/regist...', Array, true)
#4 C:\wamp64\www\psi-All-pain-No-gain\app\Controllers\BaseController.php(61): view('stranice/regist...')
#5 C:\wamp64\www\psi-All-pain-No-gain\vendor\codeigniter4\framework\system\CodeIgniter.php(914): App\Controllers\BaseController->index()
#6 C:\wamp64\www\psi-All-pain-No-gain\vendor\codeigniter4\framework\system\CodeIgniter.php(400): CodeIgniter\CodeIgniter->runController(Object(App\Controllers\Gost))
#7 C:\wamp64\www\psi-All-pain-No-gain\vendor\codeigniter4\framework\system\CodeIgniter.php(308): CodeIgniter\CodeIgniter->handleRequest(NULL, Object(Config\Cache), false)
#8 C:\wamp64\www\psi-All-pain-No-gain\public\index.php(45): CodeIgniter\CodeIgniter->run()
#9 C:\wamp64\www\psi-All-pain-No-gain\vendor\codeigniter4\framework\system\Commands\Server\rewrite.php(34): require_once('C:\\wamp64\\www\\p...')
#10 {main}
CRITICAL - 2020-05-14 07:20:52 --> mysqli_connect(): The server requested authentication method unknown to the client [sha256_password]
#0 [internal function]: CodeIgniter\Debug\Exceptions->errorHandler(2, 'mysqli_connect(...', 'C:\\wamp64\\www\\p...', 15, Array)
#1 C:\wamp64\www\psi-All-pain-No-gain\app\Views\stranice\registracija.php(15): mysqli_connect()
#2 C:\wamp64\www\psi-All-pain-No-gain\vendor\codeigniter4\framework\system\View\View.php(246): include('C:\\wamp64\\www\\p...')
#3 C:\wamp64\www\psi-All-pain-No-gain\vendor\codeigniter4\framework\system\Common.php(1087): CodeIgniter\View\View->render('stranice/regist...', Array, true)
#4 C:\wamp64\www\psi-All-pain-No-gain\app\Controllers\BaseController.php(61): view('stranice/regist...')
#5 C:\wamp64\www\psi-All-pain-No-gain\vendor\codeigniter4\framework\system\CodeIgniter.php(914): App\Controllers\BaseController->index()
#6 C:\wamp64\www\psi-All-pain-No-gain\vendor\codeigniter4\framework\system\CodeIgniter.php(400): CodeIgniter\CodeIgniter->runController(Object(App\Controllers\Gost))
#7 C:\wamp64\www\psi-All-pain-No-gain\vendor\codeigniter4\framework\system\CodeIgniter.php(308): CodeIgniter\CodeIgniter->handleRequest(NULL, Object(Config\Cache), false)
#8 C:\wamp64\www\psi-All-pain-No-gain\public\index.php(45): CodeIgniter\CodeIgniter->run()
#9 C:\wamp64\www\psi-All-pain-No-gain\vendor\codeigniter4\framework\system\Commands\Server\rewrite.php(34): require_once('C:\\wamp64\\www\\p...')
#10 {main}
CRITICAL - 2020-05-14 07:21:03 --> mysqli_connect(): The server requested authentication method unknown to the client [caching_sha2_password]
#0 [internal function]: CodeIgniter\Debug\Exceptions->errorHandler(2, 'mysqli_connect(...', 'C:\\wamp64\\www\\p...', 15, Array)
#1 C:\wamp64\www\psi-All-pain-No-gain\app\Views\stranice\registracija.php(15): mysqli_connect('localhost', 'root', '', 'projekat')
#2 C:\wamp64\www\psi-All-pain-No-gain\vendor\codeigniter4\framework\system\View\View.php(246): include('C:\\wamp64\\www\\p...')
#3 C:\wamp64\www\psi-All-pain-No-gain\vendor\codeigniter4\framework\system\Common.php(1087): CodeIgniter\View\View->render('stranice/regist...', Array, true)
#4 C:\wamp64\www\psi-All-pain-No-gain\app\Controllers\BaseController.php(61): view('stranice/regist...')
#5 C:\wamp64\www\psi-All-pain-No-gain\vendor\codeigniter4\framework\system\CodeIgniter.php(914): App\Controllers\BaseController->index()
#6 C:\wamp64\www\psi-All-pain-No-gain\vendor\codeigniter4\framework\system\CodeIgniter.php(400): CodeIgniter\CodeIgniter->runController(Object(App\Controllers\Gost))
#7 C:\wamp64\www\psi-All-pain-No-gain\vendor\codeigniter4\framework\system\CodeIgniter.php(308): CodeIgniter\CodeIgniter->handleRequest(NULL, Object(Config\Cache), false)
#8 C:\wamp64\www\psi-All-pain-No-gain\public\index.php(45): CodeIgniter\CodeIgniter->run()
#9 C:\wamp64\www\psi-All-pain-No-gain\vendor\codeigniter4\framework\system\Commands\Server\rewrite.php(34): require_once('C:\\wamp64\\www\\p...')
#10 {main}
CRITICAL - 2020-05-14 08:38:20 --> CodeIgniter\View\View::main(): Failed opening required 'Database.php' (include_path='.;C:\php\pear')
#0 [internal function]: CodeIgniter\Debug\Exceptions->shutdownHandler()
#1 {main}
CRITICAL - 2020-05-14 08:39:27 --> CodeIgniter\View\View::main(): Failed opening required 'Database.php' (include_path='.;C:\php\pear')
#0 [internal function]: CodeIgniter\Debug\Exceptions->shutdownHandler()
#1 {main}
CRITICAL - 2020-05-14 11:33:43 --> Call to undefined function set_value()
#0 C:\wamp64\www\psi-All-pain-No-gain\vendor\codeigniter4\framework\system\View\View.php(246): include()
#1 C:\wamp64\www\psi-All-pain-No-gain\vendor\codeigniter4\framework\system\Common.php(1087): CodeIgniter\View\View->render('stranice/regist...', Array, true)
#2 C:\wamp64\www\psi-All-pain-No-gain\app\Controllers\BaseController.php(61): view('stranice/regist...')
#3 C:\wamp64\www\psi-All-pain-No-gain\vendor\codeigniter4\framework\system\CodeIgniter.php(914): App\Controllers\BaseController->index()
#4 C:\wamp64\www\psi-All-pain-No-gain\vendor\codeigniter4\framework\system\CodeIgniter.php(400): CodeIgniter\CodeIgniter->runController(Object(App\Controllers\Gost))
#5 C:\wamp64\www\psi-All-pain-No-gain\vendor\codeigniter4\framework\system\CodeIgniter.php(308): CodeIgniter\CodeIgniter->handleRequest(NULL, Object(Config\Cache), false)
#6 C:\wamp64\www\psi-All-pain-No-gain\public\index.php(45): CodeIgniter\CodeIgniter->run()
#7 C:\wamp64\www\psi-All-pain-No-gain\vendor\codeigniter4\framework\system\Commands\Server\rewrite.php(34): require_once('C:\\wamp64\\www\\p...')
#8 {main}
CRITICAL - 2020-05-14 11:36:02 --> Call to undefined function set_value()
#0 C:\wamp64\www\psi-All-pain-No-gain\vendor\codeigniter4\framework\system\View\View.php(246): include()
#1 C:\wamp64\www\psi-All-pain-No-gain\vendor\codeigniter4\framework\system\Common.php(1087): CodeIgniter\View\View->render('stranice/regist...', Array, true)
#2 C:\wamp64\www\psi-All-pain-No-gain\app\Controllers\BaseController.php(61): view('stranice/regist...')
#3 C:\wamp64\www\psi-All-pain-No-gain\vendor\codeigniter4\framework\system\CodeIgniter.php(914): App\Controllers\BaseController->index()
#4 C:\wamp64\www\psi-All-pain-No-gain\vendor\codeigniter4\framework\system\CodeIgniter.php(400): CodeIgniter\CodeIgniter->runController(Object(App\Controllers\Gost))
#5 C:\wamp64\www\psi-All-pain-No-gain\vendor\codeigniter4\framework\system\CodeIgniter.php(308): CodeIgniter\CodeIgniter->handleRequest(NULL, Object(Config\Cache), false)
#6 C:\wamp64\www\psi-All-pain-No-gain\public\index.php(45): CodeIgniter\CodeIgniter->run()
#7 C:\wamp64\www\psi-All-pain-No-gain\vendor\codeigniter4\framework\system\Commands\Server\rewrite.php(34): require_once('C:\\wamp64\\www\\p...')
#8 {main}
CRITICAL - 2020-05-14 11:36:04 --> Call to undefined function set_value()
#0 C:\wamp64\www\psi-All-pain-No-gain\vendor\codeigniter4\framework\system\View\View.php(246): include()
#1 C:\wamp64\www\psi-All-pain-No-gain\vendor\codeigniter4\framework\system\Common.php(1087): CodeIgniter\View\View->render('stranice/regist...', Array, true)
#2 C:\wamp64\www\psi-All-pain-No-gain\app\Controllers\BaseController.php(61): view('stranice/regist...')
#3 C:\wamp64\www\psi-All-pain-No-gain\vendor\codeigniter4\framework\system\CodeIgniter.php(914): App\Controllers\BaseController->index()
#4 C:\wamp64\www\psi-All-pain-No-gain\vendor\codeigniter4\framework\system\CodeIgniter.php(400): CodeIgniter\CodeIgniter->runController(Object(App\Controllers\Gost))
#5 C:\wamp64\www\psi-All-pain-No-gain\vendor\codeigniter4\framework\system\CodeIgniter.php(308): CodeIgniter\CodeIgniter->handleRequest(NULL, Object(Config\Cache), false)
#6 C:\wamp64\www\psi-All-pain-No-gain\public\index.php(45): CodeIgniter\CodeIgniter->run()
#7 C:\wamp64\www\psi-All-pain-No-gain\vendor\codeigniter4\framework\system\Commands\Server\rewrite.php(34): require_once('C:\\wamp64\\www\\p...')
#8 {main}
CRITICAL - 2020-05-14 11:36:17 --> Call to undefined function set_value()
#0 C:\wamp64\www\psi-All-pain-No-gain\vendor\codeigniter4\framework\system\View\View.php(246): include()
#1 C:\wamp64\www\psi-All-pain-No-gain\vendor\codeigniter4\framework\system\Common.php(1087): CodeIgniter\View\View->render('stranice/regist...', Array, true)
#2 C:\wamp64\www\psi-All-pain-No-gain\app\Controllers\BaseController.php(61): view('stranice/regist...')
#3 C:\wamp64\www\psi-All-pain-No-gain\vendor\codeigniter4\framework\system\CodeIgniter.php(914): App\Controllers\BaseController->index()
#4 C:\wamp64\www\psi-All-pain-No-gain\vendor\codeigniter4\framework\system\CodeIgniter.php(400): CodeIgniter\CodeIgniter->runController(Object(App\Controllers\Gost))
#5 C:\wamp64\www\psi-All-pain-No-gain\vendor\codeigniter4\framework\system\CodeIgniter.php(308): CodeIgniter\CodeIgniter->handleRequest(NULL, Object(Config\Cache), false)
#6 C:\wamp64\www\psi-All-pain-No-gain\public\index.php(45): CodeIgniter\CodeIgniter->run()
#7 C:\wamp64\www\psi-All-pain-No-gain\vendor\codeigniter4\framework\system\Commands\Server\rewrite.php(34): require_once('C:\\wamp64\\www\\p...')
#8 {main}
CRITICAL - 2020-05-14 11:36:45 --> Call to undefined function set_value()
#0 C:\wamp64\www\psi-All-pain-No-gain\vendor\codeigniter4\framework\system\View\View.php(246): include()
#1 C:\wamp64\www\psi-All-pain-No-gain\vendor\codeigniter4\framework\system\Common.php(1087): CodeIgniter\View\View->render('stranice/regist...', Array, true)
#2 C:\wamp64\www\psi-All-pain-No-gain\app\Controllers\BaseController.php(61): view('stranice/regist...')
#3 C:\wamp64\www\psi-All-pain-No-gain\vendor\codeigniter4\framework\system\CodeIgniter.php(914): App\Controllers\BaseController->index()
#4 C:\wamp64\www\psi-All-pain-No-gain\vendor\codeigniter4\framework\system\CodeIgniter.php(400): CodeIgniter\CodeIgniter->runController(Object(App\Controllers\Gost))
#5 C:\wamp64\www\psi-All-pain-No-gain\vendor\codeigniter4\framework\system\CodeIgniter.php(308): CodeIgniter\CodeIgniter->handleRequest(NULL, Object(Config\Cache), false)
#6 C:\wamp64\www\psi-All-pain-No-gain\public\index.php(45): CodeIgniter\CodeIgniter->run()
#7 C:\wamp64\www\psi-All-pain-No-gain\vendor\codeigniter4\framework\system\Commands\Server\rewrite.php(34): require_once('C:\\wamp64\\www\\p...')
#8 {main}
CRITICAL - 2020-05-14 11:36:47 --> Call to undefined function set_value()
#0 C:\wamp64\www\psi-All-pain-No-gain\vendor\codeigniter4\framework\system\View\View.php(246): include()
#1 C:\wamp64\www\psi-All-pain-No-gain\vendor\codeigniter4\framework\system\Common.php(1087): CodeIgniter\View\View->render('stranice/regist...', Array, true)
#2 C:\wamp64\www\psi-All-pain-No-gain\app\Controllers\BaseController.php(61): view('stranice/regist...')
#3 C:\wamp64\www\psi-All-pain-No-gain\vendor\codeigniter4\framework\system\CodeIgniter.php(914): App\Controllers\BaseController->index()
#4 C:\wamp64\www\psi-All-pain-No-gain\vendor\codeigniter4\framework\system\CodeIgniter.php(400): CodeIgniter\CodeIgniter->runController(Object(App\Controllers\Gost))
#5 C:\wamp64\www\psi-All-pain-No-gain\vendor\codeigniter4\framework\system\CodeIgniter.php(308): CodeIgniter\CodeIgniter->handleRequest(NULL, Object(Config\Cache), false)
#6 C:\wamp64\www\psi-All-pain-No-gain\public\index.php(45): CodeIgniter\CodeIgniter->run()
#7 C:\wamp64\www\psi-All-pain-No-gain\vendor\codeigniter4\framework\system\Commands\Server\rewrite.php(34): require_once('C:\\wamp64\\www\\p...')
#8 {main}
CRITICAL - 2020-05-14 11:42:55 --> Call to undefined function set_value()
#0 C:\wamp64\www\psi-All-pain-No-gain\vendor\codeigniter4\framework\system\View\View.php(246): include()
#1 C:\wamp64\www\psi-All-pain-No-gain\vendor\codeigniter4\framework\system\Common.php(1087): CodeIgniter\View\View->render('stranice/regist...', Array, true)
#2 C:\wamp64\www\psi-All-pain-No-gain\app\Controllers\BaseController.php(61): view('stranice/regist...')
#3 C:\wamp64\www\psi-All-pain-No-gain\vendor\codeigniter4\framework\system\CodeIgniter.php(914): App\Controllers\BaseController->index()
#4 C:\wamp64\www\psi-All-pain-No-gain\vendor\codeigniter4\framework\system\CodeIgniter.php(400): CodeIgniter\CodeIgniter->runController(Object(App\Controllers\Gost))
#5 C:\wamp64\www\psi-All-pain-No-gain\vendor\codeigniter4\framework\system\CodeIgniter.php(308): CodeIgniter\CodeIgniter->handleRequest(NULL, Object(Config\Cache), false)
#6 C:\wamp64\www\psi-All-pain-No-gain\public\index.php(45): CodeIgniter\CodeIgniter->run()
#7 C:\wamp64\www\psi-All-pain-No-gain\vendor\codeigniter4\framework\system\Commands\Server\rewrite.php(34): require_once('C:\\wamp64\\www\\p...')
#8 {main}
CRITICAL - 2020-05-14 11:56:52 --> Call to undefined function set_value()
#0 C:\wamp64\www\psi-All-pain-No-gain\vendor\codeigniter4\framework\system\View\View.php(246): include()
#1 C:\wamp64\www\psi-All-pain-No-gain\vendor\codeigniter4\framework\system\Common.php(1087): CodeIgniter\View\View->render('stranice/regist...', Array, true)
#2 C:\wamp64\www\psi-All-pain-No-gain\app\Controllers\BaseController.php(61): view('stranice/regist...')
#3 C:\wamp64\www\psi-All-pain-No-gain\vendor\codeigniter4\framework\system\CodeIgniter.php(914): App\Controllers\BaseController->index()
#4 C:\wamp64\www\psi-All-pain-No-gain\vendor\codeigniter4\framework\system\CodeIgniter.php(400): CodeIgniter\CodeIgniter->runController(Object(App\Controllers\Gost))
#5 C:\wamp64\www\psi-All-pain-No-gain\vendor\codeigniter4\framework\system\CodeIgniter.php(308): CodeIgniter\CodeIgniter->handleRequest(NULL, Object(Config\Cache), false)
#6 C:\wamp64\www\psi-All-pain-No-gain\public\index.php(45): CodeIgniter\CodeIgniter->run()
#7 C:\wamp64\www\psi-All-pain-No-gain\vendor\codeigniter4\framework\system\Commands\Server\rewrite.php(34): require_once('C:\\wamp64\\www\\p...')
#8 {main}
CRITICAL - 2020-05-14 12:02:29 --> Call to undefined function set_value()
#0 C:\wamp64\www\psi-All-pain-No-gain\vendor\codeigniter4\framework\system\View\View.php(246): include()
#1 C:\wamp64\www\psi-All-pain-No-gain\vendor\codeigniter4\framework\system\Common.php(1087): CodeIgniter\View\View->render('stranice/regist...', Array, true)
#2 C:\wamp64\www\psi-All-pain-No-gain\app\Controllers\BaseController.php(62): view('stranice/regist...')
#3 C:\wamp64\www\psi-All-pain-No-gain\vendor\codeigniter4\framework\system\CodeIgniter.php(914): App\Controllers\BaseController->index()
#4 C:\wamp64\www\psi-All-pain-No-gain\vendor\codeigniter4\framework\system\CodeIgniter.php(400): CodeIgniter\CodeIgniter->runController(Object(App\Controllers\Gost))
#5 C:\wamp64\www\psi-All-pain-No-gain\vendor\codeigniter4\framework\system\CodeIgniter.php(308): CodeIgniter\CodeIgniter->handleRequest(NULL, Object(Config\Cache), false)
#6 C:\wamp64\www\psi-All-pain-No-gain\public\index.php(45): CodeIgniter\CodeIgniter->run()
#7 C:\wamp64\www\psi-All-pain-No-gain\vendor\codeigniter4\framework\system\Commands\Server\rewrite.php(34): require_once('C:\\wamp64\\www\\p...')
#8 {main}
CRITICAL - 2020-05-14 12:02:30 --> Call to undefined function set_value()
#0 C:\wamp64\www\psi-All-pain-No-gain\vendor\codeigniter4\framework\system\View\View.php(246): include()
#1 C:\wamp64\www\psi-All-pain-No-gain\vendor\codeigniter4\framework\system\Common.php(1087): CodeIgniter\View\View->render('stranice/regist...', Array, true)
#2 C:\wamp64\www\psi-All-pain-No-gain\app\Controllers\BaseController.php(62): view('stranice/regist...')
#3 C:\wamp64\www\psi-All-pain-No-gain\vendor\codeigniter4\framework\system\CodeIgniter.php(914): App\Controllers\BaseController->index()
#4 C:\wamp64\www\psi-All-pain-No-gain\vendor\codeigniter4\framework\system\CodeIgniter.php(400): CodeIgniter\CodeIgniter->runController(Object(App\Controllers\Gost))
#5 C:\wamp64\www\psi-All-pain-No-gain\vendor\codeigniter4\framework\system\CodeIgniter.php(308): CodeIgniter\CodeIgniter->handleRequest(NULL, Object(Config\Cache), false)
#6 C:\wamp64\www\psi-All-pain-No-gain\public\index.php(45): CodeIgniter\CodeIgniter->run()
#7 C:\wamp64\www\psi-All-pain-No-gain\vendor\codeigniter4\framework\system\Commands\Server\rewrite.php(34): require_once('C:\\wamp64\\www\\p...')
#8 {main}
CRITICAL - 2020-05-14 12:02:32 --> Call to undefined function set_value()
#0 C:\wamp64\www\psi-All-pain-No-gain\vendor\codeigniter4\framework\system\View\View.php(246): include()
#1 C:\wamp64\www\psi-All-pain-No-gain\vendor\codeigniter4\framework\system\Common.php(1087): CodeIgniter\View\View->render('stranice/regist...', Array, true)
#2 C:\wamp64\www\psi-All-pain-No-gain\app\Controllers\BaseController.php(62): view('stranice/regist...')
#3 C:\wamp64\www\psi-All-pain-No-gain\vendor\codeigniter4\framework\system\CodeIgniter.php(914): App\Controllers\BaseController->index()
#4 C:\wamp64\www\psi-All-pain-No-gain\vendor\codeigniter4\framework\system\CodeIgniter.php(400): CodeIgniter\CodeIgniter->runController(Object(App\Controllers\Gost))
#5 C:\wamp64\www\psi-All-pain-No-gain\vendor\codeigniter4\framework\system\CodeIgniter.php(308): CodeIgniter\CodeIgniter->handleRequest(NULL, Object(Config\Cache), false)
#6 C:\wamp64\www\psi-All-pain-No-gain\public\index.php(45): CodeIgniter\CodeIgniter->run()
#7 C:\wamp64\www\psi-All-pain-No-gain\vendor\codeigniter4\framework\system\Commands\Server\rewrite.php(34): require_once('C:\\wamp64\\www\\p...')
#8 {main}
CRITICAL - 2020-05-14 12:03:03 --> Call to undefined function set_value()
#0 C:\wamp64\www\psi-All-pain-No-gain\vendor\codeigniter4\framework\system\View\View.php(246): include()
#1 C:\wamp64\www\psi-All-pain-No-gain\vendor\codeigniter4\framework\system\Common.php(1087): CodeIgniter\View\View->render('stranice/logova...', Array, true)
#2 C:\wamp64\www\psi-All-pain-No-gain\app\Controllers\BaseController.php(63): view('stranice/logova...')
#3 C:\wamp64\www\psi-All-pain-No-gain\vendor\codeigniter4\framework\system\CodeIgniter.php(914): App\Controllers\BaseController->index()
#4 C:\wamp64\www\psi-All-pain-No-gain\vendor\codeigniter4\framework\system\CodeIgniter.php(400): CodeIgniter\CodeIgniter->runController(Object(App\Controllers\Gost))
#5 C:\wamp64\www\psi-All-pain-No-gain\vendor\codeigniter4\framework\system\CodeIgniter.php(308): CodeIgniter\CodeIgniter->handleRequest(NULL, Object(Config\Cache), false)
#6 C:\wamp64\www\psi-All-pain-No-gain\public\index.php(45): CodeIgniter\CodeIgniter->run()
#7 C:\wamp64\www\psi-All-pain-No-gain\vendor\codeigniter4\framework\system\Commands\Server\rewrite.php(34): require_once('C:\\wamp64\\www\\p...')
#8 {main}
CRITICAL - 2020-05-14 12:03:05 --> Call to undefined function set_value()
#0 C:\wamp64\www\psi-All-pain-No-gain\vendor\codeigniter4\framework\system\View\View.php(246): include()
#1 C:\wamp64\www\psi-All-pain-No-gain\vendor\codeigniter4\framework\system\Common.php(1087): CodeIgniter\View\View->render('stranice/logova...', Array, true)
#2 C:\wamp64\www\psi-All-pain-No-gain\app\Controllers\BaseController.php(63): view('stranice/logova...')
#3 C:\wamp64\www\psi-All-pain-No-gain\vendor\codeigniter4\framework\system\CodeIgniter.php(914): App\Controllers\BaseController->index()
#4 C:\wamp64\www\psi-All-pain-No-gain\vendor\codeigniter4\framework\system\CodeIgniter.php(400): CodeIgniter\CodeIgniter->runController(Object(App\Controllers\Gost))
#5 C:\wamp64\www\psi-All-pain-No-gain\vendor\codeigniter4\framework\system\CodeIgniter.php(308): CodeIgniter\CodeIgniter->handleRequest(NULL, Object(Config\Cache), false)
#6 C:\wamp64\www\psi-All-pain-No-gain\public\index.php(45): CodeIgniter\CodeIgniter->run()
#7 C:\wamp64\www\psi-All-pain-No-gain\vendor\codeigniter4\framework\system\Commands\Server\rewrite.php(34): require_once('C:\\wamp64\\www\\p...')
#8 {main}
CRITICAL - 2020-05-14 12:08:41 --> Call to undefined function set_value()
#0 C:\wamp64\www\psi-All-pain-No-gain\vendor\codeigniter4\framework\system\View\View.php(246): include()
#1 C:\wamp64\www\psi-All-pain-No-gain\vendor\codeigniter4\framework\system\Common.php(1087): CodeIgniter\View\View->render('stranice/regist...', Array, true)
#2 C:\wamp64\www\psi-All-pain-No-gain\app\Controllers\BaseController.php(62): view('stranice/regist...')
#3 C:\wamp64\www\psi-All-pain-No-gain\vendor\codeigniter4\framework\system\CodeIgniter.php(914): App\Controllers\BaseController->index()
#4 C:\wamp64\www\psi-All-pain-No-gain\vendor\codeigniter4\framework\system\CodeIgniter.php(400): CodeIgniter\CodeIgniter->runController(Object(App\Controllers\Gost))
#5 C:\wamp64\www\psi-All-pain-No-gain\vendor\codeigniter4\framework\system\CodeIgniter.php(308): CodeIgniter\CodeIgniter->handleRequest(NULL, Object(Config\Cache), false)
#6 C:\wamp64\www\psi-All-pain-No-gain\public\index.php(45): CodeIgniter\CodeIgniter->run()
#7 C:\wamp64\www\psi-All-pain-No-gain\vendor\codeigniter4\framework\system\Commands\Server\rewrite.php(34): require_once('C:\\wamp64\\www\\p...')
#8 {main}
CRITICAL - 2020-05-14 12:12:13 --> Call to undefined function set_value()
#0 C:\wamp64\www\psi-All-pain-No-gain\vendor\codeigniter4\framework\system\View\View.php(246): include()
#1 C:\wamp64\www\psi-All-pain-No-gain\vendor\codeigniter4\framework\system\Common.php(1087): CodeIgniter\View\View->render('stranice/regist...', Array, true)
#2 C:\wamp64\www\psi-All-pain-No-gain\app\Controllers\BaseController.php(62): view('stranice/regist...')
#3 C:\wamp64\www\psi-All-pain-No-gain\vendor\codeigniter4\framework\system\CodeIgniter.php(914): App\Controllers\BaseController->index()
#4 C:\wamp64\www\psi-All-pain-No-gain\vendor\codeigniter4\framework\system\CodeIgniter.php(400): CodeIgniter\CodeIgniter->runController(Object(App\Controllers\Gost))
#5 C:\wamp64\www\psi-All-pain-No-gain\vendor\codeigniter4\framework\system\CodeIgniter.php(308): CodeIgniter\CodeIgniter->handleRequest(NULL, Object(Config\Cache), false)
#6 C:\wamp64\www\psi-All-pain-No-gain\public\index.php(45): CodeIgniter\CodeIgniter->run()
#7 C:\wamp64\www\psi-All-pain-No-gain\vendor\codeigniter4\framework\system\Commands\Server\rewrite.php(34): require_once('C:\\wamp64\\www\\p...')
#8 {main}
CRITICAL - 2020-05-14 12:14:03 --> Call to undefined function set_value()
#0 C:\wamp64\www\psi-All-pain-No-gain\vendor\codeigniter4\framework\system\View\View.php(246): include()
#1 C:\wamp64\www\psi-All-pain-No-gain\vendor\codeigniter4\framework\system\Common.php(1087): CodeIgniter\View\View->render('stranice/regist...', Array, true)
#2 C:\wamp64\www\psi-All-pain-No-gain\app\Controllers\BaseController.php(62): view('stranice/regist...')
#3 C:\wamp64\www\psi-All-pain-No-gain\vendor\codeigniter4\framework\system\CodeIgniter.php(914): App\Controllers\BaseController->index()
#4 C:\wamp64\www\psi-All-pain-No-gain\vendor\codeigniter4\framework\system\CodeIgniter.php(400): CodeIgniter\CodeIgniter->runController(Object(App\Controllers\Gost))
#5 C:\wamp64\www\psi-All-pain-No-gain\vendor\codeigniter4\framework\system\CodeIgniter.php(308): CodeIgniter\CodeIgniter->handleRequest(NULL, Object(Config\Cache), false)
#6 C:\wamp64\www\psi-All-pain-No-gain\public\index.php(45): CodeIgniter\CodeIgniter->run()
#7 C:\wamp64\www\psi-All-pain-No-gain\vendor\codeigniter4\framework\system\Commands\Server\rewrite.php(34): require_once('C:\\wamp64\\www\\p...')
#8 {main}
CRITICAL - 2020-05-14 12:14:56 --> Call to undefined function set_value()
#0 C:\wamp64\www\psi-All-pain-No-gain\vendor\codeigniter4\framework\system\View\View.php(246): include()
#1 C:\wamp64\www\psi-All-pain-No-gain\vendor\codeigniter4\framework\system\Common.php(1087): CodeIgniter\View\View->render('stranice/regist...', Array, true)
#2 C:\wamp64\www\psi-All-pain-No-gain\app\Controllers\BaseController.php(62): view('stranice/regist...')
#3 C:\wamp64\www\psi-All-pain-No-gain\vendor\codeigniter4\framework\system\CodeIgniter.php(914): App\Controllers\BaseController->index()
#4 C:\wamp64\www\psi-All-pain-No-gain\vendor\codeigniter4\framework\system\CodeIgniter.php(400): CodeIgniter\CodeIgniter->runController(Object(App\Controllers\Gost))
#5 C:\wamp64\www\psi-All-pain-No-gain\vendor\codeigniter4\framework\system\CodeIgniter.php(308): CodeIgniter\CodeIgniter->handleRequest(NULL, Object(Config\Cache), false)
#6 C:\wamp64\www\psi-All-pain-No-gain\public\index.php(45): CodeIgniter\CodeIgniter->run()
#7 C:\wamp64\www\psi-All-pain-No-gain\vendor\codeigniter4\framework\system\Commands\Server\rewrite.php(34): require_once('C:\\wamp64\\www\\p...')
#8 {main}
CRITICAL - 2020-05-14 12:16:05 --> Call to undefined function set_value()
#0 C:\wamp64\www\psi-All-pain-No-gain\vendor\codeigniter4\framework\system\View\View.php(246): include()
#1 C:\wamp64\www\psi-All-pain-No-gain\vendor\codeigniter4\framework\system\Common.php(1087): CodeIgniter\View\View->render('stranice/regist...', Array, true)
#2 C:\wamp64\www\psi-All-pain-No-gain\app\Controllers\BaseController.php(62): view('stranice/regist...')
#3 C:\wamp64\www\psi-All-pain-No-gain\vendor\codeigniter4\framework\system\CodeIgniter.php(914): App\Controllers\BaseController->index()
#4 C:\wamp64\www\psi-All-pain-No-gain\vendor\codeigniter4\framework\system\CodeIgniter.php(400): CodeIgniter\CodeIgniter->runController(Object(App\Controllers\Gost))
#5 C:\wamp64\www\psi-All-pain-No-gain\vendor\codeigniter4\framework\system\CodeIgniter.php(308): CodeIgniter\CodeIgniter->handleRequest(NULL, Object(Config\Cache), false)
#6 C:\wamp64\www\psi-All-pain-No-gain\public\index.php(45): CodeIgniter\CodeIgniter->run()
#7 C:\wamp64\www\psi-All-pain-No-gain\vendor\codeigniter4\framework\system\Commands\Server\rewrite.php(34): require_once('C:\\wamp64\\www\\p...')
#8 {main}
CRITICAL - 2020-05-14 12:20:15 --> Call to undefined function set_value()
#0 C:\wamp64\www\psi-All-pain-No-gain\vendor\codeigniter4\framework\system\View\View.php(246): include()
#1 C:\wamp64\www\psi-All-pain-No-gain\vendor\codeigniter4\framework\system\Common.php(1087): CodeIgniter\View\View->render('stranice/regist...', Array, true)
#2 C:\wamp64\www\psi-All-pain-No-gain\app\Controllers\BaseController.php(62): view('stranice/regist...')
#3 C:\wamp64\www\psi-All-pain-No-gain\vendor\codeigniter4\framework\system\CodeIgniter.php(914): App\Controllers\BaseController->index()
#4 C:\wamp64\www\psi-All-pain-No-gain\vendor\codeigniter4\framework\system\CodeIgniter.php(400): CodeIgniter\CodeIgniter->runController(Object(App\Controllers\Gost))
#5 C:\wamp64\www\psi-All-pain-No-gain\vendor\codeigniter4\framework\system\CodeIgniter.php(308): CodeIgniter\CodeIgniter->handleRequest(NULL, Object(Config\Cache), false)
#6 C:\wamp64\www\psi-All-pain-No-gain\public\index.php(45): CodeIgniter\CodeIgniter->run()
#7 C:\wamp64\www\psi-All-pain-No-gain\vendor\codeigniter4\framework\system\Commands\Server\rewrite.php(34): require_once('C:\\wamp64\\www\\p...')
#8 {main}
CRITICAL - 2020-05-14 12:20:18 --> Call to undefined function set_value()
#0 C:\wamp64\www\psi-All-pain-No-gain\vendor\codeigniter4\framework\system\View\View.php(246): include()
#1 C:\wamp64\www\psi-All-pain-No-gain\vendor\codeigniter4\framework\system\Common.php(1087): CodeIgniter\View\View->render('stranice/regist...', Array, true)
#2 C:\wamp64\www\psi-All-pain-No-gain\app\Controllers\BaseController.php(62): view('stranice/regist...')
#3 C:\wamp64\www\psi-All-pain-No-gain\vendor\codeigniter4\framework\system\CodeIgniter.php(914): App\Controllers\BaseController->index()
#4 C:\wamp64\www\psi-All-pain-No-gain\vendor\codeigniter4\framework\system\CodeIgniter.php(400): CodeIgniter\CodeIgniter->runController(Object(App\Controllers\Gost))
#5 C:\wamp64\www\psi-All-pain-No-gain\vendor\codeigniter4\framework\system\CodeIgniter.php(308): CodeIgniter\CodeIgniter->handleRequest(NULL, Object(Config\Cache), false)
#6 C:\wamp64\www\psi-All-pain-No-gain\public\index.php(45): CodeIgniter\CodeIgniter->run()
#7 C:\wamp64\www\psi-All-pain-No-gain\vendor\codeigniter4\framework\system\Commands\Server\rewrite.php(34): require_once('C:\\wamp64\\www\\p...')
#8 {main}
CRITICAL - 2020-05-14 12:20:20 --> Call to undefined function set_value()
#0 C:\wamp64\www\psi-All-pain-No-gain\vendor\codeigniter4\framework\system\View\View.php(246): include()
#1 C:\wamp64\www\psi-All-pain-No-gain\vendor\codeigniter4\framework\system\Common.php(1087): CodeIgniter\View\View->render('stranice/regist...', Array, true)
#2 C:\wamp64\www\psi-All-pain-No-gain\app\Controllers\BaseController.php(62): view('stranice/regist...')
#3 C:\wamp64\www\psi-All-pain-No-gain\vendor\codeigniter4\framework\system\CodeIgniter.php(914): App\Controllers\BaseController->index()
#4 C:\wamp64\www\psi-All-pain-No-gain\vendor\codeigniter4\framework\system\CodeIgniter.php(400): CodeIgniter\CodeIgniter->runController(Object(App\Controllers\Gost))
#5 C:\wamp64\www\psi-All-pain-No-gain\vendor\codeigniter4\framework\system\CodeIgniter.php(308): CodeIgniter\CodeIgniter->handleRequest(NULL, Object(Config\Cache), false)
#6 C:\wamp64\www\psi-All-pain-No-gain\public\index.php(45): CodeIgniter\CodeIgniter->run()
#7 C:\wamp64\www\psi-All-pain-No-gain\vendor\codeigniter4\framework\system\Commands\Server\rewrite.php(34): require_once('C:\\wamp64\\www\\p...')
#8 {main}
CRITICAL - 2020-05-14 12:21:09 --> Call to undefined function set_value()
#0 C:\wamp64\www\psi-All-pain-No-gain\vendor\codeigniter4\framework\system\View\View.php(246): include()
#1 C:\wamp64\www\psi-All-pain-No-gain\vendor\codeigniter4\framework\system\Common.php(1087): CodeIgniter\View\View->render('stranice/regist...', Array, true)
#2 C:\wamp64\www\psi-All-pain-No-gain\app\Controllers\BaseController.php(62): view('stranice/regist...')
#3 C:\wamp64\www\psi-All-pain-No-gain\vendor\codeigniter4\framework\system\CodeIgniter.php(914): App\Controllers\BaseController->index()
#4 C:\wamp64\www\psi-All-pain-No-gain\vendor\codeigniter4\framework\system\CodeIgniter.php(400): CodeIgniter\CodeIgniter->runController(Object(App\Controllers\Gost))
#5 C:\wamp64\www\psi-All-pain-No-gain\vendor\codeigniter4\framework\system\CodeIgniter.php(308): CodeIgniter\CodeIgniter->handleRequest(NULL, Object(Config\Cache), false)
#6 C:\wamp64\www\psi-All-pain-No-gain\public\index.php(45): CodeIgniter\CodeIgniter->run()
#7 C:\wamp64\www\psi-All-pain-No-gain\vendor\codeigniter4\framework\system\Commands\Server\rewrite.php(34): require_once('C:\\wamp64\\www\\p...')
#8 {main}
CRITICAL - 2020-05-14 12:21:14 --> Call to undefined function set_value()
#0 C:\wamp64\www\psi-All-pain-No-gain\vendor\codeigniter4\framework\system\View\View.php(246): include()
#1 C:\wamp64\www\psi-All-pain-No-gain\vendor\codeigniter4\framework\system\Common.php(1087): CodeIgniter\View\View->render('stranice/regist...', Array, true)
#2 C:\wamp64\www\psi-All-pain-No-gain\app\Controllers\BaseController.php(62): view('stranice/regist...')
#3 C:\wamp64\www\psi-All-pain-No-gain\vendor\codeigniter4\framework\system\CodeIgniter.php(914): App\Controllers\BaseController->index()
#4 C:\wamp64\www\psi-All-pain-No-gain\vendor\codeigniter4\framework\system\CodeIgniter.php(400): CodeIgniter\CodeIgniter->runController(Object(App\Controllers\Gost))
#5 C:\wamp64\www\psi-All-pain-No-gain\vendor\codeigniter4\framework\system\CodeIgniter.php(308): CodeIgniter\CodeIgniter->handleRequest(NULL, Object(Config\Cache), false)
#6 C:\wamp64\www\psi-All-pain-No-gain\public\index.php(45): CodeIgniter\CodeIgniter->run()
#7 C:\wamp64\www\psi-All-pain-No-gain\vendor\codeigniter4\framework\system\Commands\Server\rewrite.php(34): require_once('C:\\wamp64\\www\\p...')
#8 {main}
CRITICAL - 2020-05-14 12:21:16 --> Call to undefined function set_value()
#0 C:\wamp64\www\psi-All-pain-No-gain\vendor\codeigniter4\framework\system\View\View.php(246): include()
#1 C:\wamp64\www\psi-All-pain-No-gain\vendor\codeigniter4\framework\system\Common.php(1087): CodeIgniter\View\View->render('stranice/regist...', Array, true)
#2 C:\wamp64\www\psi-All-pain-No-gain\app\Controllers\BaseController.php(62): view('stranice/regist...')
#3 C:\wamp64\www\psi-All-pain-No-gain\vendor\codeigniter4\framework\system\CodeIgniter.php(914): App\Controllers\BaseController->index()
#4 C:\wamp64\www\psi-All-pain-No-gain\vendor\codeigniter4\framework\system\CodeIgniter.php(400): CodeIgniter\CodeIgniter->runController(Object(App\Controllers\Gost))
#5 C:\wamp64\www\psi-All-pain-No-gain\vendor\codeigniter4\framework\system\CodeIgniter.php(308): CodeIgniter\CodeIgniter->handleRequest(NULL, Object(Config\Cache), false)
#6 C:\wamp64\www\psi-All-pain-No-gain\public\index.php(45): CodeIgniter\CodeIgniter->run()
#7 C:\wamp64\www\psi-All-pain-No-gain\vendor\codeigniter4\framework\system\Commands\Server\rewrite.php(34): require_once('C:\\wamp64\\www\\p...')
#8 {main}
CRITICAL - 2020-05-14 12:21:22 --> Call to undefined function set_value()
#0 C:\wamp64\www\psi-All-pain-No-gain\vendor\codeigniter4\framework\system\View\View.php(246): include()
#1 C:\wamp64\www\psi-All-pain-No-gain\vendor\codeigniter4\framework\system\Common.php(1087): CodeIgniter\View\View->render('stranice/regist...', Array, true)
#2 C:\wamp64\www\psi-All-pain-No-gain\app\Controllers\BaseController.php(62): view('stranice/regist...')
#3 C:\wamp64\www\psi-All-pain-No-gain\vendor\codeigniter4\framework\system\CodeIgniter.php(914): App\Controllers\BaseController->index()
#4 C:\wamp64\www\psi-All-pain-No-gain\vendor\codeigniter4\framework\system\CodeIgniter.php(400): CodeIgniter\CodeIgniter->runController(Object(App\Controllers\Gost))
#5 C:\wamp64\www\psi-All-pain-No-gain\vendor\codeigniter4\framework\system\CodeIgniter.php(308): CodeIgniter\CodeIgniter->handleRequest(NULL, Object(Config\Cache), false)
#6 C:\wamp64\www\psi-All-pain-No-gain\public\index.php(45): CodeIgniter\CodeIgniter->run()
#7 C:\wamp64\www\psi-All-pain-No-gain\vendor\codeigniter4\framework\system\Commands\Server\rewrite.php(34): require_once('C:\\wamp64\\www\\p...')
#8 {main}
CRITICAL - 2020-05-14 12:21:24 --> Call to undefined function set_value()
#0 C:\wamp64\www\psi-All-pain-No-gain\vendor\codeigniter4\framework\system\View\View.php(246): include()
#1 C:\wamp64\www\psi-All-pain-No-gain\vendor\codeigniter4\framework\system\Common.php(1087): CodeIgniter\View\View->render('stranice/regist...', Array, true)
#2 C:\wamp64\www\psi-All-pain-No-gain\app\Controllers\BaseController.php(62): view('stranice/regist...')
#3 C:\wamp64\www\psi-All-pain-No-gain\vendor\codeigniter4\framework\system\CodeIgniter.php(914): App\Controllers\BaseController->index()
#4 C:\wamp64\www\psi-All-pain-No-gain\vendor\codeigniter4\framework\system\CodeIgniter.php(400): CodeIgniter\CodeIgniter->runController(Object(App\Controllers\Gost))
#5 C:\wamp64\www\psi-All-pain-No-gain\vendor\codeigniter4\framework\system\CodeIgniter.php(308): CodeIgniter\CodeIgniter->handleRequest(NULL, Object(Config\Cache), false)
#6 C:\wamp64\www\psi-All-pain-No-gain\public\index.php(45): CodeIgniter\CodeIgniter->run()
#7 C:\wamp64\www\psi-All-pain-No-gain\vendor\codeigniter4\framework\system\Commands\Server\rewrite.php(34): require_once('C:\\wamp64\\www\\p...')
#8 {main}
CRITICAL - 2020-05-14 12:21:41 --> Call to undefined function set_value()
#0 C:\wamp64\www\psi-All-pain-No-gain\vendor\codeigniter4\framework\system\View\View.php(246): include()
#1 C:\wamp64\www\psi-All-pain-No-gain\vendor\codeigniter4\framework\system\Common.php(1087): CodeIgniter\View\View->render('stranice/regist...', Array, true)
#2 C:\wamp64\www\psi-All-pain-No-gain\app\Controllers\BaseController.php(62): view('stranice/regist...')
#3 C:\wamp64\www\psi-All-pain-No-gain\vendor\codeigniter4\framework\system\CodeIgniter.php(914): App\Controllers\BaseController->index()
#4 C:\wamp64\www\psi-All-pain-No-gain\vendor\codeigniter4\framework\system\CodeIgniter.php(400): CodeIgniter\CodeIgniter->runController(Object(App\Controllers\Gost))
#5 C:\wamp64\www\psi-All-pain-No-gain\vendor\codeigniter4\framework\system\CodeIgniter.php(308): CodeIgniter\CodeIgniter->handleRequest(NULL, Object(Config\Cache), false)
#6 C:\wamp64\www\psi-All-pain-No-gain\public\index.php(45): CodeIgniter\CodeIgniter->run()
#7 C:\wamp64\www\psi-All-pain-No-gain\vendor\codeigniter4\framework\system\Commands\Server\rewrite.php(34): require_once('C:\\wamp64\\www\\p...')
#8 {main}
