CRITICAL - 2020-05-25 16:19:09 --> Unknown column 'Korisnicko_ime_mod' in 'where clause'
#0 C:\wamp64\www\psi-All-pain-No-gain\vendor\codeigniter4\framework\system\Database\MySQLi\Connection.php(331): mysqli->query('SELECT *\nFROM `...')
#1 C:\wamp64\www\psi-All-pain-No-gain\vendor\codeigniter4\framework\system\Database\BaseConnection.php(738): CodeIgniter\Database\MySQLi\Connection->execute('SELECT *\nFROM `...')
#2 C:\wamp64\www\psi-All-pain-No-gain\vendor\codeigniter4\framework\system\Database\BaseConnection.php(666): CodeIgniter\Database\BaseConnection->simpleQuery('SELECT *\nFROM `...')
#3 C:\wamp64\www\psi-All-pain-No-gain\vendor\codeigniter4\framework\system\Database\BaseBuilder.php(1845): CodeIgniter\Database\BaseConnection->query('SELECT *\nFROM `...', Array, false)
#4 C:\wamp64\www\psi-All-pain-No-gain\vendor\codeigniter4\framework\system\Model.php(445): CodeIgniter\Database\BaseBuilder->get()
#5 C:\wamp64\www\psi-All-pain-No-gain\app\Views\stranice\restoran.php(117): CodeIgniter\Model->findAll()
#6 C:\wamp64\www\psi-All-pain-No-gain\vendor\codeigniter4\framework\system\View\View.php(246): include('C:\\wamp64\\www\\p...')
#7 C:\wamp64\www\psi-All-pain-No-gain\vendor\codeigniter4\framework\system\Common.php(1087): CodeIgniter\View\View->render('stranice/restor...', Array, true)
#8 C:\wamp64\www\psi-All-pain-No-gain\app\Controllers\BaseController.php(253): view('stranice/restor...', Array)
#9 C:\wamp64\www\psi-All-pain-No-gain\vendor\codeigniter4\framework\system\CodeIgniter.php(914): App\Controllers\BaseController->ispisJednogRestorana('4')
#10 C:\wamp64\www\psi-All-pain-No-gain\vendor\codeigniter4\framework\system\CodeIgniter.php(400): CodeIgniter\CodeIgniter->runController(Object(App\Controllers\BaseController))
#11 C:\wamp64\www\psi-All-pain-No-gain\vendor\codeigniter4\framework\system\CodeIgniter.php(308): CodeIgniter\CodeIgniter->handleRequest(NULL, Object(Config\Cache), false)
#12 C:\wamp64\www\psi-All-pain-No-gain\public\index.php(45): CodeIgniter\CodeIgniter->run()
#13 C:\wamp64\www\psi-All-pain-No-gain\vendor\codeigniter4\framework\system\Commands\Server\rewrite.php(34): require_once('C:\\wamp64\\www\\p...')
#14 {main}
CRITICAL - 2020-05-25 16:19:42 --> Unknown column 'Korisnicko_ime_mod' in 'where clause'
#0 C:\wamp64\www\psi-All-pain-No-gain\vendor\codeigniter4\framework\system\Database\MySQLi\Connection.php(331): mysqli->query('SELECT *\nFROM `...')
#1 C:\wamp64\www\psi-All-pain-No-gain\vendor\codeigniter4\framework\system\Database\BaseConnection.php(738): CodeIgniter\Database\MySQLi\Connection->execute('SELECT *\nFROM `...')
#2 C:\wamp64\www\psi-All-pain-No-gain\vendor\codeigniter4\framework\system\Database\BaseConnection.php(666): CodeIgniter\Database\BaseConnection->simpleQuery('SELECT *\nFROM `...')
#3 C:\wamp64\www\psi-All-pain-No-gain\vendor\codeigniter4\framework\system\Database\BaseBuilder.php(1845): CodeIgniter\Database\BaseConnection->query('SELECT *\nFROM `...', Array, false)
#4 C:\wamp64\www\psi-All-pain-No-gain\vendor\codeigniter4\framework\system\Model.php(445): CodeIgniter\Database\BaseBuilder->get()
#5 C:\wamp64\www\psi-All-pain-No-gain\app\Views\stranice\restoran.php(117): CodeIgniter\Model->findAll()
#6 C:\wamp64\www\psi-All-pain-No-gain\vendor\codeigniter4\framework\system\View\View.php(246): include('C:\\wamp64\\www\\p...')
#7 C:\wamp64\www\psi-All-pain-No-gain\vendor\codeigniter4\framework\system\Common.php(1087): CodeIgniter\View\View->render('stranice/restor...', Array, true)
#8 C:\wamp64\www\psi-All-pain-No-gain\app\Controllers\BaseController.php(253): view('stranice/restor...', Array)
#9 C:\wamp64\www\psi-All-pain-No-gain\vendor\codeigniter4\framework\system\CodeIgniter.php(914): App\Controllers\BaseController->ispisJednogRestorana('4')
#10 C:\wamp64\www\psi-All-pain-No-gain\vendor\codeigniter4\framework\system\CodeIgniter.php(400): CodeIgniter\CodeIgniter->runController(Object(App\Controllers\BaseController))
#11 C:\wamp64\www\psi-All-pain-No-gain\vendor\codeigniter4\framework\system\CodeIgniter.php(308): CodeIgniter\CodeIgniter->handleRequest(NULL, Object(Config\Cache), false)
#12 C:\wamp64\www\psi-All-pain-No-gain\public\index.php(45): CodeIgniter\CodeIgniter->run()
#13 C:\wamp64\www\psi-All-pain-No-gain\vendor\codeigniter4\framework\system\Commands\Server\rewrite.php(34): require_once('C:\\wamp64\\www\\p...')
#14 {main}
CRITICAL - 2020-05-25 16:19:56 --> Unknown column 'Korisnicko_ime_mod' in 'where clause'
#0 C:\wamp64\www\psi-All-pain-No-gain\vendor\codeigniter4\framework\system\Database\MySQLi\Connection.php(331): mysqli->query('SELECT *\nFROM `...')
#1 C:\wamp64\www\psi-All-pain-No-gain\vendor\codeigniter4\framework\system\Database\BaseConnection.php(738): CodeIgniter\Database\MySQLi\Connection->execute('SELECT *\nFROM `...')
#2 C:\wamp64\www\psi-All-pain-No-gain\vendor\codeigniter4\framework\system\Database\BaseConnection.php(666): CodeIgniter\Database\BaseConnection->simpleQuery('SELECT *\nFROM `...')
#3 C:\wamp64\www\psi-All-pain-No-gain\vendor\codeigniter4\framework\system\Database\BaseBuilder.php(1845): CodeIgniter\Database\BaseConnection->query('SELECT *\nFROM `...', Array, false)
#4 C:\wamp64\www\psi-All-pain-No-gain\vendor\codeigniter4\framework\system\Model.php(381): CodeIgniter\Database\BaseBuilder->get()
#5 C:\wamp64\www\psi-All-pain-No-gain\app\Views\stranice\nalog.php(95): CodeIgniter\Model->find('1')
#6 C:\wamp64\www\psi-All-pain-No-gain\vendor\codeigniter4\framework\system\View\View.php(246): include('C:\\wamp64\\www\\p...')
#7 C:\wamp64\www\psi-All-pain-No-gain\vendor\codeigniter4\framework\system\Common.php(1087): CodeIgniter\View\View->render('stranice/nalog', Array, true)
#8 C:\wamp64\www\psi-All-pain-No-gain\app\Controllers\BaseController.php(206): view('stranice/nalog', Array)
#9 C:\wamp64\www\psi-All-pain-No-gain\vendor\codeigniter4\framework\system\CodeIgniter.php(914): App\Controllers\BaseController->ispisiNalog()
#10 C:\wamp64\www\psi-All-pain-No-gain\vendor\codeigniter4\framework\system\CodeIgniter.php(400): CodeIgniter\CodeIgniter->runController(Object(App\Controllers\BaseController))
#11 C:\wamp64\www\psi-All-pain-No-gain\vendor\codeigniter4\framework\system\CodeIgniter.php(308): CodeIgniter\CodeIgniter->handleRequest(NULL, Object(Config\Cache), false)
#12 C:\wamp64\www\psi-All-pain-No-gain\public\index.php(45): CodeIgniter\CodeIgniter->run()
#13 C:\wamp64\www\psi-All-pain-No-gain\vendor\codeigniter4\framework\system\Commands\Server\rewrite.php(34): require_once('C:\\wamp64\\www\\p...')
#14 {main}
CRITICAL - 2020-05-25 16:20:11 --> Unknown column 'Korisnicko_ime_mod' in 'where clause'
#0 C:\wamp64\www\psi-All-pain-No-gain\vendor\codeigniter4\framework\system\Database\MySQLi\Connection.php(331): mysqli->query('SELECT *\nFROM `...')
#1 C:\wamp64\www\psi-All-pain-No-gain\vendor\codeigniter4\framework\system\Database\BaseConnection.php(738): CodeIgniter\Database\MySQLi\Connection->execute('SELECT *\nFROM `...')
#2 C:\wamp64\www\psi-All-pain-No-gain\vendor\codeigniter4\framework\system\Database\BaseConnection.php(666): CodeIgniter\Database\BaseConnection->simpleQuery('SELECT *\nFROM `...')
#3 C:\wamp64\www\psi-All-pain-No-gain\vendor\codeigniter4\framework\system\Database\BaseBuilder.php(1845): CodeIgniter\Database\BaseConnection->query('SELECT *\nFROM `...', Array, false)
#4 C:\wamp64\www\psi-All-pain-No-gain\vendor\codeigniter4\framework\system\Model.php(381): CodeIgniter\Database\BaseBuilder->get()
#5 C:\wamp64\www\psi-All-pain-No-gain\app\Views\stranice\nalog.php(95): CodeIgniter\Model->find('1')
#6 C:\wamp64\www\psi-All-pain-No-gain\vendor\codeigniter4\framework\system\View\View.php(246): include('C:\\wamp64\\www\\p...')
#7 C:\wamp64\www\psi-All-pain-No-gain\vendor\codeigniter4\framework\system\Common.php(1087): CodeIgniter\View\View->render('stranice/nalog', Array, true)
#8 C:\wamp64\www\psi-All-pain-No-gain\app\Controllers\BaseController.php(206): view('stranice/nalog', Array)
#9 C:\wamp64\www\psi-All-pain-No-gain\vendor\codeigniter4\framework\system\CodeIgniter.php(914): App\Controllers\BaseController->ispisiNalog()
#10 C:\wamp64\www\psi-All-pain-No-gain\vendor\codeigniter4\framework\system\CodeIgniter.php(400): CodeIgniter\CodeIgniter->runController(Object(App\Controllers\BaseController))
#11 C:\wamp64\www\psi-All-pain-No-gain\vendor\codeigniter4\framework\system\CodeIgniter.php(308): CodeIgniter\CodeIgniter->handleRequest(NULL, Object(Config\Cache), false)
#12 C:\wamp64\www\psi-All-pain-No-gain\public\index.php(45): CodeIgniter\CodeIgniter->run()
#13 C:\wamp64\www\psi-All-pain-No-gain\vendor\codeigniter4\framework\system\Commands\Server\rewrite.php(34): require_once('C:\\wamp64\\www\\p...')
#14 {main}
CRITICAL - 2020-05-25 16:20:18 --> Unknown column 'Korisnicko_ime_mod' in 'where clause'
#0 C:\wamp64\www\psi-All-pain-No-gain\vendor\codeigniter4\framework\system\Database\MySQLi\Connection.php(331): mysqli->query('SELECT *\nFROM `...')
#1 C:\wamp64\www\psi-All-pain-No-gain\vendor\codeigniter4\framework\system\Database\BaseConnection.php(738): CodeIgniter\Database\MySQLi\Connection->execute('SELECT *\nFROM `...')
#2 C:\wamp64\www\psi-All-pain-No-gain\vendor\codeigniter4\framework\system\Database\BaseConnection.php(666): CodeIgniter\Database\BaseConnection->simpleQuery('SELECT *\nFROM `...')
#3 C:\wamp64\www\psi-All-pain-No-gain\vendor\codeigniter4\framework\system\Database\BaseBuilder.php(1845): CodeIgniter\Database\BaseConnection->query('SELECT *\nFROM `...', Array, false)
#4 C:\wamp64\www\psi-All-pain-No-gain\vendor\codeigniter4\framework\system\Model.php(445): CodeIgniter\Database\BaseBuilder->get()
#5 C:\wamp64\www\psi-All-pain-No-gain\app\Views\stranice\restoran.php(117): CodeIgniter\Model->findAll()
#6 C:\wamp64\www\psi-All-pain-No-gain\vendor\codeigniter4\framework\system\View\View.php(246): include('C:\\wamp64\\www\\p...')
#7 C:\wamp64\www\psi-All-pain-No-gain\vendor\codeigniter4\framework\system\Common.php(1087): CodeIgniter\View\View->render('stranice/restor...', Array, true)
#8 C:\wamp64\www\psi-All-pain-No-gain\app\Controllers\BaseController.php(253): view('stranice/restor...', Array)
#9 C:\wamp64\www\psi-All-pain-No-gain\vendor\codeigniter4\framework\system\CodeIgniter.php(914): App\Controllers\BaseController->ispisJednogRestorana('8')
#10 C:\wamp64\www\psi-All-pain-No-gain\vendor\codeigniter4\framework\system\CodeIgniter.php(400): CodeIgniter\CodeIgniter->runController(Object(App\Controllers\BaseController))
#11 C:\wamp64\www\psi-All-pain-No-gain\vendor\codeigniter4\framework\system\CodeIgniter.php(308): CodeIgniter\CodeIgniter->handleRequest(NULL, Object(Config\Cache), false)
#12 C:\wamp64\www\psi-All-pain-No-gain\public\index.php(45): CodeIgniter\CodeIgniter->run()
#13 C:\wamp64\www\psi-All-pain-No-gain\vendor\codeigniter4\framework\system\Commands\Server\rewrite.php(34): require_once('C:\\wamp64\\www\\p...')
#14 {main}
CRITICAL - 2020-05-25 16:21:06 --> Trying to get property 'Korisnicko_ime' of non-object
#0 C:\wamp64\www\psi-All-pain-No-gain\app\Views\stranice\moderatorRecenzije.php(19): CodeIgniter\Debug\Exceptions->errorHandler(8, 'Trying to get p...', 'C:\\wamp64\\www\\p...', 19, Array)
#1 C:\wamp64\www\psi-All-pain-No-gain\vendor\codeigniter4\framework\system\View\View.php(246): include('C:\\wamp64\\www\\p...')
#2 C:\wamp64\www\psi-All-pain-No-gain\vendor\codeigniter4\framework\system\Common.php(1087): CodeIgniter\View\View->render('stranice/modera...', Array, true)
#3 C:\wamp64\www\psi-All-pain-No-gain\app\Controllers\Moderator.php(39): view('stranice/modera...')
#4 C:\wamp64\www\psi-All-pain-No-gain\vendor\codeigniter4\framework\system\CodeIgniter.php(914): App\Controllers\Moderator->ispisRecenzija()
#5 C:\wamp64\www\psi-All-pain-No-gain\vendor\codeigniter4\framework\system\CodeIgniter.php(400): CodeIgniter\CodeIgniter->runController(Object(App\Controllers\Moderator))
#6 C:\wamp64\www\psi-All-pain-No-gain\vendor\codeigniter4\framework\system\CodeIgniter.php(308): CodeIgniter\CodeIgniter->handleRequest(NULL, Object(Config\Cache), false)
#7 C:\wamp64\www\psi-All-pain-No-gain\public\index.php(45): CodeIgniter\CodeIgniter->run()
#8 C:\wamp64\www\psi-All-pain-No-gain\vendor\codeigniter4\framework\system\Commands\Server\rewrite.php(34): require_once('C:\\wamp64\\www\\p...')
#9 {main}
CRITICAL - 2020-05-25 16:21:53 --> Unknown column 'Korisnicko_ime_mod' in 'where clause'
#0 C:\wamp64\www\psi-All-pain-No-gain\vendor\codeigniter4\framework\system\Database\MySQLi\Connection.php(331): mysqli->query('SELECT *\nFROM `...')
#1 C:\wamp64\www\psi-All-pain-No-gain\vendor\codeigniter4\framework\system\Database\BaseConnection.php(738): CodeIgniter\Database\MySQLi\Connection->execute('SELECT *\nFROM `...')
#2 C:\wamp64\www\psi-All-pain-No-gain\vendor\codeigniter4\framework\system\Database\BaseConnection.php(666): CodeIgniter\Database\BaseConnection->simpleQuery('SELECT *\nFROM `...')
#3 C:\wamp64\www\psi-All-pain-No-gain\vendor\codeigniter4\framework\system\Database\BaseBuilder.php(1845): CodeIgniter\Database\BaseConnection->query('SELECT *\nFROM `...', Array, false)
#4 C:\wamp64\www\psi-All-pain-No-gain\vendor\codeigniter4\framework\system\Model.php(381): CodeIgniter\Database\BaseBuilder->get()
#5 C:\wamp64\www\psi-All-pain-No-gain\app\Views\stranice\nalog.php(95): CodeIgniter\Model->find('1')
#6 C:\wamp64\www\psi-All-pain-No-gain\vendor\codeigniter4\framework\system\View\View.php(246): include('C:\\wamp64\\www\\p...')
#7 C:\wamp64\www\psi-All-pain-No-gain\vendor\codeigniter4\framework\system\Common.php(1087): CodeIgniter\View\View->render('stranice/nalog', Array, true)
#8 C:\wamp64\www\psi-All-pain-No-gain\app\Controllers\BaseController.php(206): view('stranice/nalog', Array)
#9 C:\wamp64\www\psi-All-pain-No-gain\vendor\codeigniter4\framework\system\CodeIgniter.php(914): App\Controllers\BaseController->ispisiNalog()
#10 C:\wamp64\www\psi-All-pain-No-gain\vendor\codeigniter4\framework\system\CodeIgniter.php(400): CodeIgniter\CodeIgniter->runController(Object(App\Controllers\BaseController))
#11 C:\wamp64\www\psi-All-pain-No-gain\vendor\codeigniter4\framework\system\CodeIgniter.php(308): CodeIgniter\CodeIgniter->handleRequest(NULL, Object(Config\Cache), false)
#12 C:\wamp64\www\psi-All-pain-No-gain\public\index.php(45): CodeIgniter\CodeIgniter->run()
#13 C:\wamp64\www\psi-All-pain-No-gain\vendor\codeigniter4\framework\system\Commands\Server\rewrite.php(34): require_once('C:\\wamp64\\www\\p...')
#14 {main}
CRITICAL - 2020-05-25 16:23:32 --> Unknown column 'Korisnicko_ime_mod' in 'where clause'
#0 C:\wamp64\www\psi-All-pain-No-gain\vendor\codeigniter4\framework\system\Database\MySQLi\Connection.php(331): mysqli->query('SELECT *\nFROM `...')
#1 C:\wamp64\www\psi-All-pain-No-gain\vendor\codeigniter4\framework\system\Database\BaseConnection.php(738): CodeIgniter\Database\MySQLi\Connection->execute('SELECT *\nFROM `...')
#2 C:\wamp64\www\psi-All-pain-No-gain\vendor\codeigniter4\framework\system\Database\BaseConnection.php(666): CodeIgniter\Database\BaseConnection->simpleQuery('SELECT *\nFROM `...')
#3 C:\wamp64\www\psi-All-pain-No-gain\vendor\codeigniter4\framework\system\Database\BaseBuilder.php(1845): CodeIgniter\Database\BaseConnection->query('SELECT *\nFROM `...', Array, false)
#4 C:\wamp64\www\psi-All-pain-No-gain\vendor\codeigniter4\framework\system\Model.php(381): CodeIgniter\Database\BaseBuilder->get()
#5 C:\wamp64\www\psi-All-pain-No-gain\app\Views\stranice\nalog.php(95): CodeIgniter\Model->find('3')
#6 C:\wamp64\www\psi-All-pain-No-gain\vendor\codeigniter4\framework\system\View\View.php(246): include('C:\\wamp64\\www\\p...')
#7 C:\wamp64\www\psi-All-pain-No-gain\vendor\codeigniter4\framework\system\Common.php(1087): CodeIgniter\View\View->render('stranice/nalog', Array, true)
#8 C:\wamp64\www\psi-All-pain-No-gain\app\Controllers\BaseController.php(206): view('stranice/nalog', Array)
#9 C:\wamp64\www\psi-All-pain-No-gain\vendor\codeigniter4\framework\system\CodeIgniter.php(914): App\Controllers\BaseController->ispisiNalog()
#10 C:\wamp64\www\psi-All-pain-No-gain\vendor\codeigniter4\framework\system\CodeIgniter.php(400): CodeIgniter\CodeIgniter->runController(Object(App\Controllers\BaseController))
#11 C:\wamp64\www\psi-All-pain-No-gain\vendor\codeigniter4\framework\system\CodeIgniter.php(308): CodeIgniter\CodeIgniter->handleRequest(NULL, Object(Config\Cache), false)
#12 C:\wamp64\www\psi-All-pain-No-gain\public\index.php(45): CodeIgniter\CodeIgniter->run()
#13 C:\wamp64\www\psi-All-pain-No-gain\vendor\codeigniter4\framework\system\Commands\Server\rewrite.php(34): require_once('C:\\wamp64\\www\\p...')
#14 {main}
CRITICAL - 2020-05-25 16:24:14 --> Unknown column 'Korisnicko_ime_mod' in 'where clause'
#0 C:\wamp64\www\psi-All-pain-No-gain\vendor\codeigniter4\framework\system\Database\MySQLi\Connection.php(331): mysqli->query('SELECT *\nFROM `...')
#1 C:\wamp64\www\psi-All-pain-No-gain\vendor\codeigniter4\framework\system\Database\BaseConnection.php(738): CodeIgniter\Database\MySQLi\Connection->execute('SELECT *\nFROM `...')
#2 C:\wamp64\www\psi-All-pain-No-gain\vendor\codeigniter4\framework\system\Database\BaseConnection.php(666): CodeIgniter\Database\BaseConnection->simpleQuery('SELECT *\nFROM `...')
#3 C:\wamp64\www\psi-All-pain-No-gain\vendor\codeigniter4\framework\system\Database\BaseBuilder.php(1845): CodeIgniter\Database\BaseConnection->query('SELECT *\nFROM `...', Array, false)
#4 C:\wamp64\www\psi-All-pain-No-gain\vendor\codeigniter4\framework\system\Model.php(445): CodeIgniter\Database\BaseBuilder->get()
#5 C:\wamp64\www\psi-All-pain-No-gain\app\Views\stranice\restoran.php(117): CodeIgniter\Model->findAll()
#6 C:\wamp64\www\psi-All-pain-No-gain\vendor\codeigniter4\framework\system\View\View.php(246): include('C:\\wamp64\\www\\p...')
#7 C:\wamp64\www\psi-All-pain-No-gain\vendor\codeigniter4\framework\system\Common.php(1087): CodeIgniter\View\View->render('stranice/restor...', Array, true)
#8 C:\wamp64\www\psi-All-pain-No-gain\app\Controllers\BaseController.php(253): view('stranice/restor...', Array)
#9 C:\wamp64\www\psi-All-pain-No-gain\vendor\codeigniter4\framework\system\CodeIgniter.php(914): App\Controllers\BaseController->ispisJednogRestorana('8')
#10 C:\wamp64\www\psi-All-pain-No-gain\vendor\codeigniter4\framework\system\CodeIgniter.php(400): CodeIgniter\CodeIgniter->runController(Object(App\Controllers\BaseController))
#11 C:\wamp64\www\psi-All-pain-No-gain\vendor\codeigniter4\framework\system\CodeIgniter.php(308): CodeIgniter\CodeIgniter->handleRequest(NULL, Object(Config\Cache), false)
#12 C:\wamp64\www\psi-All-pain-No-gain\public\index.php(45): CodeIgniter\CodeIgniter->run()
#13 C:\wamp64\www\psi-All-pain-No-gain\vendor\codeigniter4\framework\system\Commands\Server\rewrite.php(34): require_once('C:\\wamp64\\www\\p...')
#14 {main}
CRITICAL - 2020-05-25 16:24:37 --> Unknown column 'Korisnicko_ime_mod' in 'where clause'
#0 C:\wamp64\www\psi-All-pain-No-gain\vendor\codeigniter4\framework\system\Database\MySQLi\Connection.php(331): mysqli->query('SELECT *\nFROM `...')
#1 C:\wamp64\www\psi-All-pain-No-gain\vendor\codeigniter4\framework\system\Database\BaseConnection.php(738): CodeIgniter\Database\MySQLi\Connection->execute('SELECT *\nFROM `...')
#2 C:\wamp64\www\psi-All-pain-No-gain\vendor\codeigniter4\framework\system\Database\BaseConnection.php(666): CodeIgniter\Database\BaseConnection->simpleQuery('SELECT *\nFROM `...')
#3 C:\wamp64\www\psi-All-pain-No-gain\vendor\codeigniter4\framework\system\Database\BaseBuilder.php(1845): CodeIgniter\Database\BaseConnection->query('SELECT *\nFROM `...', Array, false)
#4 C:\wamp64\www\psi-All-pain-No-gain\vendor\codeigniter4\framework\system\Model.php(445): CodeIgniter\Database\BaseBuilder->get()
#5 C:\wamp64\www\psi-All-pain-No-gain\app\Views\stranice\restoran.php(117): CodeIgniter\Model->findAll()
#6 C:\wamp64\www\psi-All-pain-No-gain\vendor\codeigniter4\framework\system\View\View.php(246): include('C:\\wamp64\\www\\p...')
#7 C:\wamp64\www\psi-All-pain-No-gain\vendor\codeigniter4\framework\system\Common.php(1087): CodeIgniter\View\View->render('stranice/restor...', Array, true)
#8 C:\wamp64\www\psi-All-pain-No-gain\app\Controllers\BaseController.php(253): view('stranice/restor...', Array)
#9 C:\wamp64\www\psi-All-pain-No-gain\vendor\codeigniter4\framework\system\CodeIgniter.php(914): App\Controllers\BaseController->ispisJednogRestorana('2')
#10 C:\wamp64\www\psi-All-pain-No-gain\vendor\codeigniter4\framework\system\CodeIgniter.php(400): CodeIgniter\CodeIgniter->runController(Object(App\Controllers\BaseController))
#11 C:\wamp64\www\psi-All-pain-No-gain\vendor\codeigniter4\framework\system\CodeIgniter.php(308): CodeIgniter\CodeIgniter->handleRequest(NULL, Object(Config\Cache), false)
#12 C:\wamp64\www\psi-All-pain-No-gain\public\index.php(45): CodeIgniter\CodeIgniter->run()
#13 C:\wamp64\www\psi-All-pain-No-gain\vendor\codeigniter4\framework\system\Commands\Server\rewrite.php(34): require_once('C:\\wamp64\\www\\p...')
#14 {main}
CRITICAL - 2020-05-25 16:29:38 --> Unknown column 'Korisnicko_ime_mod' in 'where clause'
#0 C:\wamp64\www\psi-All-pain-No-gain\vendor\codeigniter4\framework\system\Database\MySQLi\Connection.php(331): mysqli->query('SELECT *\nFROM `...')
#1 C:\wamp64\www\psi-All-pain-No-gain\vendor\codeigniter4\framework\system\Database\BaseConnection.php(738): CodeIgniter\Database\MySQLi\Connection->execute('SELECT *\nFROM `...')
#2 C:\wamp64\www\psi-All-pain-No-gain\vendor\codeigniter4\framework\system\Database\BaseConnection.php(666): CodeIgniter\Database\BaseConnection->simpleQuery('SELECT *\nFROM `...')
#3 C:\wamp64\www\psi-All-pain-No-gain\vendor\codeigniter4\framework\system\Database\BaseBuilder.php(1845): CodeIgniter\Database\BaseConnection->query('SELECT *\nFROM `...', Array, false)
#4 C:\wamp64\www\psi-All-pain-No-gain\vendor\codeigniter4\framework\system\Model.php(445): CodeIgniter\Database\BaseBuilder->get()
#5 C:\wamp64\www\psi-All-pain-No-gain\app\Views\stranice\restoran.php(117): CodeIgniter\Model->findAll()
#6 C:\wamp64\www\psi-All-pain-No-gain\vendor\codeigniter4\framework\system\View\View.php(246): include('C:\\wamp64\\www\\p...')
#7 C:\wamp64\www\psi-All-pain-No-gain\vendor\codeigniter4\framework\system\Common.php(1087): CodeIgniter\View\View->render('stranice/restor...', Array, true)
#8 C:\wamp64\www\psi-All-pain-No-gain\app\Controllers\BaseController.php(253): view('stranice/restor...', Array)
#9 C:\wamp64\www\psi-All-pain-No-gain\vendor\codeigniter4\framework\system\CodeIgniter.php(914): App\Controllers\BaseController->ispisJednogRestorana('8')
#10 C:\wamp64\www\psi-All-pain-No-gain\vendor\codeigniter4\framework\system\CodeIgniter.php(400): CodeIgniter\CodeIgniter->runController(Object(App\Controllers\BaseController))
#11 C:\wamp64\www\psi-All-pain-No-gain\vendor\codeigniter4\framework\system\CodeIgniter.php(308): CodeIgniter\CodeIgniter->handleRequest(NULL, Object(Config\Cache), false)
#12 C:\wamp64\www\psi-All-pain-No-gain\public\index.php(45): CodeIgniter\CodeIgniter->run()
#13 C:\wamp64\www\psi-All-pain-No-gain\vendor\codeigniter4\framework\system\Commands\Server\rewrite.php(34): require_once('C:\\wamp64\\www\\p...')
#14 {main}
CRITICAL - 2020-05-25 16:32:08 --> Unknown column 'Korisnicko_ime_mod' in 'where clause'
#0 C:\wamp64\www\psi-All-pain-No-gain\vendor\codeigniter4\framework\system\Database\MySQLi\Connection.php(331): mysqli->query('SELECT *\nFROM `...')
#1 C:\wamp64\www\psi-All-pain-No-gain\vendor\codeigniter4\framework\system\Database\BaseConnection.php(738): CodeIgniter\Database\MySQLi\Connection->execute('SELECT *\nFROM `...')
#2 C:\wamp64\www\psi-All-pain-No-gain\vendor\codeigniter4\framework\system\Database\BaseConnection.php(666): CodeIgniter\Database\BaseConnection->simpleQuery('SELECT *\nFROM `...')
#3 C:\wamp64\www\psi-All-pain-No-gain\vendor\codeigniter4\framework\system\Database\BaseBuilder.php(1845): CodeIgniter\Database\BaseConnection->query('SELECT *\nFROM `...', Array, false)
#4 C:\wamp64\www\psi-All-pain-No-gain\vendor\codeigniter4\framework\system\Model.php(445): CodeIgniter\Database\BaseBuilder->get()
#5 C:\wamp64\www\psi-All-pain-No-gain\app\Views\stranice\restoran.php(117): CodeIgniter\Model->findAll()
#6 C:\wamp64\www\psi-All-pain-No-gain\vendor\codeigniter4\framework\system\View\View.php(246): include('C:\\wamp64\\www\\p...')
#7 C:\wamp64\www\psi-All-pain-No-gain\vendor\codeigniter4\framework\system\Common.php(1087): CodeIgniter\View\View->render('stranice/restor...', Array, true)
#8 C:\wamp64\www\psi-All-pain-No-gain\app\Controllers\BaseController.php(253): view('stranice/restor...', Array)
#9 C:\wamp64\www\psi-All-pain-No-gain\vendor\codeigniter4\framework\system\CodeIgniter.php(914): App\Controllers\BaseController->ispisJednogRestorana('8')
#10 C:\wamp64\www\psi-All-pain-No-gain\vendor\codeigniter4\framework\system\CodeIgniter.php(400): CodeIgniter\CodeIgniter->runController(Object(App\Controllers\BaseController))
#11 C:\wamp64\www\psi-All-pain-No-gain\vendor\codeigniter4\framework\system\CodeIgniter.php(308): CodeIgniter\CodeIgniter->handleRequest(NULL, Object(Config\Cache), false)
#12 C:\wamp64\www\psi-All-pain-No-gain\public\index.php(45): CodeIgniter\CodeIgniter->run()
#13 C:\wamp64\www\psi-All-pain-No-gain\vendor\codeigniter4\framework\system\Commands\Server\rewrite.php(34): require_once('C:\\wamp64\\www\\p...')
#14 {main}
CRITICAL - 2020-05-25 16:37:26 --> Unknown column 'Korisnicko_ime_mod' in 'where clause'
#0 C:\wamp64\www\psi-All-pain-No-gain\vendor\codeigniter4\framework\system\Database\MySQLi\Connection.php(331): mysqli->query('SELECT *\nFROM `...')
#1 C:\wamp64\www\psi-All-pain-No-gain\vendor\codeigniter4\framework\system\Database\BaseConnection.php(738): CodeIgniter\Database\MySQLi\Connection->execute('SELECT *\nFROM `...')
#2 C:\wamp64\www\psi-All-pain-No-gain\vendor\codeigniter4\framework\system\Database\BaseConnection.php(666): CodeIgniter\Database\BaseConnection->simpleQuery('SELECT *\nFROM `...')
#3 C:\wamp64\www\psi-All-pain-No-gain\vendor\codeigniter4\framework\system\Database\BaseBuilder.php(1845): CodeIgniter\Database\BaseConnection->query('SELECT *\nFROM `...', Array, false)
#4 C:\wamp64\www\psi-All-pain-No-gain\vendor\codeigniter4\framework\system\Model.php(445): CodeIgniter\Database\BaseBuilder->get()
#5 C:\wamp64\www\psi-All-pain-No-gain\app\Views\stranice\restoran.php(117): CodeIgniter\Model->findAll()
#6 C:\wamp64\www\psi-All-pain-No-gain\vendor\codeigniter4\framework\system\View\View.php(246): include('C:\\wamp64\\www\\p...')
#7 C:\wamp64\www\psi-All-pain-No-gain\vendor\codeigniter4\framework\system\Common.php(1087): CodeIgniter\View\View->render('stranice/restor...', Array, true)
#8 C:\wamp64\www\psi-All-pain-No-gain\app\Controllers\BaseController.php(253): view('stranice/restor...', Array)
#9 C:\wamp64\www\psi-All-pain-No-gain\vendor\codeigniter4\framework\system\CodeIgniter.php(914): App\Controllers\BaseController->ispisJednogRestorana('5')
#10 C:\wamp64\www\psi-All-pain-No-gain\vendor\codeigniter4\framework\system\CodeIgniter.php(400): CodeIgniter\CodeIgniter->runController(Object(App\Controllers\BaseController))
#11 C:\wamp64\www\psi-All-pain-No-gain\vendor\codeigniter4\framework\system\CodeIgniter.php(308): CodeIgniter\CodeIgniter->handleRequest(NULL, Object(Config\Cache), false)
#12 C:\wamp64\www\psi-All-pain-No-gain\public\index.php(45): CodeIgniter\CodeIgniter->run()
#13 C:\wamp64\www\psi-All-pain-No-gain\vendor\codeigniter4\framework\system\Commands\Server\rewrite.php(34): require_once('C:\\wamp64\\www\\p...')
#14 {main}
CRITICAL - 2020-05-25 16:38:43 --> Unknown column 'Korisnicko_ime_mod' in 'where clause'
#0 C:\wamp64\www\psi-All-pain-No-gain\vendor\codeigniter4\framework\system\Database\MySQLi\Connection.php(331): mysqli->query('SELECT *\nFROM `...')
#1 C:\wamp64\www\psi-All-pain-No-gain\vendor\codeigniter4\framework\system\Database\BaseConnection.php(738): CodeIgniter\Database\MySQLi\Connection->execute('SELECT *\nFROM `...')
#2 C:\wamp64\www\psi-All-pain-No-gain\vendor\codeigniter4\framework\system\Database\BaseConnection.php(666): CodeIgniter\Database\BaseConnection->simpleQuery('SELECT *\nFROM `...')
#3 C:\wamp64\www\psi-All-pain-No-gain\vendor\codeigniter4\framework\system\Database\BaseBuilder.php(1845): CodeIgniter\Database\BaseConnection->query('SELECT *\nFROM `...', Array, false)
#4 C:\wamp64\www\psi-All-pain-No-gain\vendor\codeigniter4\framework\system\Model.php(445): CodeIgniter\Database\BaseBuilder->get()
#5 C:\wamp64\www\psi-All-pain-No-gain\app\Views\stranice\restoran.php(117): CodeIgniter\Model->findAll()
#6 C:\wamp64\www\psi-All-pain-No-gain\vendor\codeigniter4\framework\system\View\View.php(246): include('C:\\wamp64\\www\\p...')
#7 C:\wamp64\www\psi-All-pain-No-gain\vendor\codeigniter4\framework\system\Common.php(1087): CodeIgniter\View\View->render('stranice/restor...', Array, true)
#8 C:\wamp64\www\psi-All-pain-No-gain\app\Controllers\BaseController.php(253): view('stranice/restor...', Array)
#9 C:\wamp64\www\psi-All-pain-No-gain\vendor\codeigniter4\framework\system\CodeIgniter.php(914): App\Controllers\BaseController->ispisJednogRestorana('8')
#10 C:\wamp64\www\psi-All-pain-No-gain\vendor\codeigniter4\framework\system\CodeIgniter.php(400): CodeIgniter\CodeIgniter->runController(Object(App\Controllers\BaseController))
#11 C:\wamp64\www\psi-All-pain-No-gain\vendor\codeigniter4\framework\system\CodeIgniter.php(308): CodeIgniter\CodeIgniter->handleRequest(NULL, Object(Config\Cache), false)
#12 C:\wamp64\www\psi-All-pain-No-gain\public\index.php(45): CodeIgniter\CodeIgniter->run()
#13 C:\wamp64\www\psi-All-pain-No-gain\vendor\codeigniter4\framework\system\Commands\Server\rewrite.php(34): require_once('C:\\wamp64\\www\\p...')
#14 {main}
CRITICAL - 2020-05-25 16:40:11 --> Unknown column 'Korisnicko_ime_mod' in 'where clause'
#0 C:\wamp64\www\psi-All-pain-No-gain\vendor\codeigniter4\framework\system\Database\MySQLi\Connection.php(331): mysqli->query('SELECT *\nFROM `...')
#1 C:\wamp64\www\psi-All-pain-No-gain\vendor\codeigniter4\framework\system\Database\BaseConnection.php(738): CodeIgniter\Database\MySQLi\Connection->execute('SELECT *\nFROM `...')
#2 C:\wamp64\www\psi-All-pain-No-gain\vendor\codeigniter4\framework\system\Database\BaseConnection.php(666): CodeIgniter\Database\BaseConnection->simpleQuery('SELECT *\nFROM `...')
#3 C:\wamp64\www\psi-All-pain-No-gain\vendor\codeigniter4\framework\system\Database\BaseBuilder.php(1845): CodeIgniter\Database\BaseConnection->query('SELECT *\nFROM `...', Array, false)
#4 C:\wamp64\www\psi-All-pain-No-gain\vendor\codeigniter4\framework\system\Model.php(445): CodeIgniter\Database\BaseBuilder->get()
#5 C:\wamp64\www\psi-All-pain-No-gain\app\Views\stranice\restoran.php(117): CodeIgniter\Model->findAll()
#6 C:\wamp64\www\psi-All-pain-No-gain\vendor\codeigniter4\framework\system\View\View.php(246): include('C:\\wamp64\\www\\p...')
#7 C:\wamp64\www\psi-All-pain-No-gain\vendor\codeigniter4\framework\system\Common.php(1087): CodeIgniter\View\View->render('stranice/restor...', Array, true)
#8 C:\wamp64\www\psi-All-pain-No-gain\app\Controllers\BaseController.php(253): view('stranice/restor...', Array)
#9 C:\wamp64\www\psi-All-pain-No-gain\vendor\codeigniter4\framework\system\CodeIgniter.php(914): App\Controllers\BaseController->ispisJednogRestorana('8')
#10 C:\wamp64\www\psi-All-pain-No-gain\vendor\codeigniter4\framework\system\CodeIgniter.php(400): CodeIgniter\CodeIgniter->runController(Object(App\Controllers\BaseController))
#11 C:\wamp64\www\psi-All-pain-No-gain\vendor\codeigniter4\framework\system\CodeIgniter.php(308): CodeIgniter\CodeIgniter->handleRequest(NULL, Object(Config\Cache), false)
#12 C:\wamp64\www\psi-All-pain-No-gain\public\index.php(45): CodeIgniter\CodeIgniter->run()
#13 C:\wamp64\www\psi-All-pain-No-gain\vendor\codeigniter4\framework\system\Commands\Server\rewrite.php(34): require_once('C:\\wamp64\\www\\p...')
#14 {main}
CRITICAL - 2020-05-25 16:40:37 --> Unknown column 'Korisnicko_ime_mod' in 'where clause'
#0 C:\wamp64\www\psi-All-pain-No-gain\vendor\codeigniter4\framework\system\Database\MySQLi\Connection.php(331): mysqli->query('SELECT *\nFROM `...')
#1 C:\wamp64\www\psi-All-pain-No-gain\vendor\codeigniter4\framework\system\Database\BaseConnection.php(738): CodeIgniter\Database\MySQLi\Connection->execute('SELECT *\nFROM `...')
#2 C:\wamp64\www\psi-All-pain-No-gain\vendor\codeigniter4\framework\system\Database\BaseConnection.php(666): CodeIgniter\Database\BaseConnection->simpleQuery('SELECT *\nFROM `...')
#3 C:\wamp64\www\psi-All-pain-No-gain\vendor\codeigniter4\framework\system\Database\BaseBuilder.php(1845): CodeIgniter\Database\BaseConnection->query('SELECT *\nFROM `...', Array, false)
#4 C:\wamp64\www\psi-All-pain-No-gain\vendor\codeigniter4\framework\system\Model.php(445): CodeIgniter\Database\BaseBuilder->get()
#5 C:\wamp64\www\psi-All-pain-No-gain\app\Views\stranice\restoran.php(117): CodeIgniter\Model->findAll()
#6 C:\wamp64\www\psi-All-pain-No-gain\vendor\codeigniter4\framework\system\View\View.php(246): include('C:\\wamp64\\www\\p...')
#7 C:\wamp64\www\psi-All-pain-No-gain\vendor\codeigniter4\framework\system\Common.php(1087): CodeIgniter\View\View->render('stranice/restor...', Array, true)
#8 C:\wamp64\www\psi-All-pain-No-gain\app\Controllers\BaseController.php(253): view('stranice/restor...', Array)
#9 C:\wamp64\www\psi-All-pain-No-gain\vendor\codeigniter4\framework\system\CodeIgniter.php(914): App\Controllers\BaseController->ispisJednogRestorana('8')
#10 C:\wamp64\www\psi-All-pain-No-gain\vendor\codeigniter4\framework\system\CodeIgniter.php(400): CodeIgniter\CodeIgniter->runController(Object(App\Controllers\BaseController))
#11 C:\wamp64\www\psi-All-pain-No-gain\vendor\codeigniter4\framework\system\CodeIgniter.php(308): CodeIgniter\CodeIgniter->handleRequest(NULL, Object(Config\Cache), false)
#12 C:\wamp64\www\psi-All-pain-No-gain\public\index.php(45): CodeIgniter\CodeIgniter->run()
#13 C:\wamp64\www\psi-All-pain-No-gain\vendor\codeigniter4\framework\system\Commands\Server\rewrite.php(34): require_once('C:\\wamp64\\www\\p...')
#14 {main}
CRITICAL - 2020-05-25 16:48:53 --> Unknown column 'Korisnicko_ime_mod' in 'where clause'
#0 C:\wamp64\www\psi-All-pain-No-gain\vendor\codeigniter4\framework\system\Database\MySQLi\Connection.php(331): mysqli->query('SELECT *\nFROM `...')
#1 C:\wamp64\www\psi-All-pain-No-gain\vendor\codeigniter4\framework\system\Database\BaseConnection.php(738): CodeIgniter\Database\MySQLi\Connection->execute('SELECT *\nFROM `...')
#2 C:\wamp64\www\psi-All-pain-No-gain\vendor\codeigniter4\framework\system\Database\BaseConnection.php(666): CodeIgniter\Database\BaseConnection->simpleQuery('SELECT *\nFROM `...')
#3 C:\wamp64\www\psi-All-pain-No-gain\vendor\codeigniter4\framework\system\Database\BaseBuilder.php(1845): CodeIgniter\Database\BaseConnection->query('SELECT *\nFROM `...', Array, false)
#4 C:\wamp64\www\psi-All-pain-No-gain\vendor\codeigniter4\framework\system\Model.php(445): CodeIgniter\Database\BaseBuilder->get()
#5 C:\wamp64\www\psi-All-pain-No-gain\app\Views\stranice\restoran.php(117): CodeIgniter\Model->findAll()
#6 C:\wamp64\www\psi-All-pain-No-gain\vendor\codeigniter4\framework\system\View\View.php(246): include('C:\\wamp64\\www\\p...')
#7 C:\wamp64\www\psi-All-pain-No-gain\vendor\codeigniter4\framework\system\Common.php(1087): CodeIgniter\View\View->render('stranice/restor...', Array, true)
#8 C:\wamp64\www\psi-All-pain-No-gain\app\Controllers\BaseController.php(253): view('stranice/restor...', Array)
#9 C:\wamp64\www\psi-All-pain-No-gain\vendor\codeigniter4\framework\system\CodeIgniter.php(914): App\Controllers\BaseController->ispisJednogRestorana('8')
#10 C:\wamp64\www\psi-All-pain-No-gain\vendor\codeigniter4\framework\system\CodeIgniter.php(400): CodeIgniter\CodeIgniter->runController(Object(App\Controllers\BaseController))
#11 C:\wamp64\www\psi-All-pain-No-gain\vendor\codeigniter4\framework\system\CodeIgniter.php(308): CodeIgniter\CodeIgniter->handleRequest(NULL, Object(Config\Cache), false)
#12 C:\wamp64\www\psi-All-pain-No-gain\public\index.php(45): CodeIgniter\CodeIgniter->run()
#13 C:\wamp64\www\psi-All-pain-No-gain\vendor\codeigniter4\framework\system\Commands\Server\rewrite.php(34): require_once('C:\\wamp64\\www\\p...')
#14 {main}
